#
# A fatal error has been detected by the Java Runtime Environment:
#
#  SIGBUS (0xa) at pc=0x000000010dde54f0, pid=25420, tid=30475
#
# JRE version: Java(TM) SE Runtime Environment (17.0.4.1+1) (build 17.0.4.1+1-LTS-2)
# Java VM: Java HotSpot(TM) 64-Bit Server VM (17.0.4.1+1-LTS-2, mixed mode, sharing, tiered, compressed oops, compressed class ptrs, g1 gc, bsd-aarch64)
# Problematic frame:
# v  ~StubRoutines::SafeFetchN
#
# No core dump will be written. Core dumps have been disabled. To enable core dumping, try "ulimit -c unlimited" before starting Java again
#
# If you would like to submit a bug report, please visit:
#   https://bugreport.java.com/bugreport/crash.jsp
# The crash happened outside the Java Virtual Machine in native code.
# See problematic frame for where to report the bug.
#

---------------  S U M M A R Y ------------

Command Line: -ea -XX:+ShowCodeDetailsInExceptionMessages -Dfile.encoding=UTF-8 org.eclipse.jdt.internal.junit.runner.RemoteTestRunner -version 3 -port 61189 -testLoaderClass org.eclipse.jdt.internal.junit5.runner.JUnit5TestLoader -loaderpluginname org.eclipse.jdt.junit5.runtime -testNameFile /var/folders/1m/tdk2ds5571l4_8krg7f3c7x00000gn/T/testNames2923532681475481962.txt

Host: "MacBookPro18,3" arm64 1 MHz, 8 cores, 16G, Darwin 21.4.0, macOS 12.3 (21E230)
Time: Fri Nov  3 23:54:44 2023 PDT elapsed time: 0.404251 seconds (0d 0h 0m 0s)

---------------  T H R E A D  ---------------

Current thread (0x000000015b967600):  JavaThread "InvokeLaterDispatcher" daemon [_thread_in_native, id=30475, stack(0x00000001727c8000,0x00000001729cb000)]

Stack: [0x00000001727c8000,0x00000001729cb000],  sp=0x00000001729ca7c0,  free space=2057k
Native frames: (J=compiled Java code, j=interpreted, Vv=VM code, C=native code)
v  ~StubRoutines::SafeFetchN
V  [libjvm.dylib+0x7a728c]  _ZN10OopStorage7releaseEPKP7oopDesc+0x20
V  [libjvm.dylib+0x4bb924]  jni_DeleteGlobalRef+0xc4
C  [libglass.dylib+0xab08]  -[GlassRunnable dealloc]+0x34
C  [Foundation+0x85618]  -[_NSThreadPerformInfo dealloc]+0x30
C  [Foundation+0x5198c]  -[NSObject(NSThreadPerformAdditions) performSelectorOnMainThread:withObject:waitUntilDone:]+0x88
C  0x5a1600010dded8ac
j  com.sun.glass.ui.mac.MacApplication.submitForLaterInvocation(Ljava/lang/Runnable;)V+2
j  com.sun.glass.ui.InvokeLaterDispatcher.run()V+82
v  ~StubRoutines::call_stub
V  [libjvm.dylib+0x462f38]  _ZN9JavaCalls11call_helperEP9JavaValueRK12methodHandleP17JavaCallArgumentsP10JavaThread+0x38c
V  [libjvm.dylib+0x461f54]  _ZN9JavaCalls12call_virtualEP9JavaValueP5KlassP6SymbolS5_P17JavaCallArgumentsP10JavaThread+0x11c
V  [libjvm.dylib+0x462020]  _ZN9JavaCalls12call_virtualEP9JavaValue6HandleP5KlassP6SymbolS6_P10JavaThread+0x64
V  [libjvm.dylib+0x5158e4]  _ZL12thread_entryP10JavaThreadS0_+0xc4
V  [libjvm.dylib+0x90802c]  _ZN10JavaThread17thread_main_innerEv+0x134
V  [libjvm.dylib+0x906954]  _ZN6Thread8call_runEv+0x128
V  [libjvm.dylib+0x7ade4c]  _ZL19thread_native_entryP6Thread+0x158
C  [libsystem_pthread.dylib+0x726c]  _pthread_start+0x94

Java frames: (J=compiled Java code, j=interpreted, Vv=VM code)
j  com.sun.glass.ui.mac.MacApplication._submitForLaterInvocation(Ljava/lang/Runnable;)V+0
j  com.sun.glass.ui.mac.MacApplication.submitForLaterInvocation(Ljava/lang/Runnable;)V+2
j  com.sun.glass.ui.InvokeLaterDispatcher.run()V+82
v  ~StubRoutines::call_stub

siginfo: si_signo: 10 (SIGBUS), si_code: 1 (BUS_ADRALN), si_addr: 0x000000010dde54f0

Register to memory mapping:

 x0=0x000000015a80e488 points into unknown readable memory: 0x0000000000000000 | 00 00 00 00 00 00 00 00
 x1=0x0 is NULL
 x2=0x000000070ff1e350 is an oop: com.sun.glass.ui.InvokeLaterDispatcher$Future 
{0x000000070ff1e350} - klass: 'com/sun/glass/ui/InvokeLaterDispatcher$Future'
 - ---- fields (total size 3 words):
 - private 'done' 'Z' @12  true
 - private final 'runnable' 'Ljava/lang/Runnable;' @16  a 'com/sun/glass/ui/mac/MacApplication$$Lambda$428+0x0000000800d1bd20'{0x000000070fe9c608} (e1fd38c1)
 - final synthetic 'this$0' 'Lcom/sun/glass/ui/InvokeLaterDispatcher;' @20  a 'com/sun/glass/ui/InvokeLaterDispatcher'{0x000000070e830000} (e1d06000)
 x3=0x0 is NULL
 x4=0x00000000000130a8 is an unknown value
 x5=0x0 is NULL
 x6=0x0 is NULL
 x7=0x000000015b967600 is a thread
 x8=0x000000010dde54ec is at begin+0 in a stub
StubRoutines::SafeFetchN [0x000000010dde54ec, 0x000000010dde54f8] (12 bytes)
 x9=0x0 is NULL
x10=0x2010000030300000 is an unknown value
x11=0x00000000d6d1047c is an unknown value
x12=0x0000000000000002 is an unknown value
x13=0x0 is NULL
x14=0x0000000189480000 points into unknown readable memory: 0x2031765f646c7964 | 64 79 6c 64 5f 76 31 20
x15=0x00000002443a4000 is an unknown value
x16=0x00000001897a50fc: pthread_getspecific+0 in /usr/lib/system/libsystem_pthread.dylib at 0x00000001897a3000
x17=0x00000001597e0230 points into unknown readable memory: 0xfffffffffffffffe | fe ff ff ff ff ff ff ff
x18=0x0 is NULL
x19=0x00000001596186b0 points into unknown readable memory: 0x0000000159618880 | 80 88 61 59 01 00 00 00
x20=0x000000015a80e280 points into unknown readable memory: 0x00000008000162b0 | b0 62 01 00 08 00 00 00
x21=0x000000015a80e488 points into unknown readable memory: 0x0000000000000000 | 00 00 00 00 00 00 00 00
x22=0x000000015b967600 is a thread
x23=0x0000000000000001 is an unknown value
x24=0x000000015a80e440 is a global jni handle
x25=0x0000000106295638: _ZN12StubRoutines17_safefetchN_entryE+0 in /Library/Java/JavaVirtualMachines/jdk-17.0.4.1.jdk/Contents/Home/lib/server/libjvm.dylib at 0x00000001056f8000
x26=0x0000000128720000 is pointing into metadata
x27=0x0 is NULL
x28=0x000000015b967600 is a thread


Registers:
 x0=0x000000015a80e488  x1=0x0000000000000000  x2=0x000000070ff1e350  x3=0x0000000000000000
 x4=0x00000000000130a8  x5=0x0000000000000000  x6=0x0000000000000000  x7=0x000000015b967600
 x8=0x000000010dde54ec  x9=0x0000000000000000 x10=0x2010000030300000 x11=0x00000000d6d1047c
x12=0x0000000000000002 x13=0x0000000000000000 x14=0x0000000189480000 x15=0x00000002443a4000
x16=0x00000001897a50fc x17=0x00000001597e0230 x18=0x0000000000000000 x19=0x00000001596186b0
x20=0x000000015a80e280 x21=0x000000015a80e488 x22=0x000000015b967600 x23=0x0000000000000001
x24=0x000000015a80e440 x25=0x0000000106295638 x26=0x0000000128720000 x27=0x0000000000000000
x28=0x000000015b967600  fp=0x00000001729ca800  lr=0x0000000105e9e05c  sp=0x00000001729ca7c0
pc=0x000000010dde54f0 cpsr=0x0000000060001000
Top of Stack: (sp=0x00000001729ca7c0)
0x00000001729ca7c0:   0000000128720000 0000000000000001
0x00000001729ca7d0:   00000001729ca9b8 000000015a8ca140
0x00000001729ca7e0:   0000000000000000 000000015a80e440
0x00000001729ca7f0:   000000015a80e440 00000001596186b0
0x00000001729ca800:   00000001729ca840 0000000105e9f28c
0x00000001729ca810:   0000000000000001 000000015a80e440
0x00000001729ca820:   0000000000000000 000000015a80e440
0x00000001729ca830:   0000000000000001 000000015a108c00
0x00000001729ca840:   00000001729ca870 0000000105bb3924
0x00000001729ca850:   000000015a8ca100 00000001d3869be0
0x00000001729ca860:   0000000000000000 000000015a8ca100
0x00000001729ca870:   00000001729ca8a0 000000010553eb08
0x00000001729ca880:   0000000000000000 000000015b967600
0x00000001729ca890:   0000000000000000 000000015a8cbcf0
0x00000001729ca8a0:   00000001729ca8e0 000000018a772618
0x00000001729ca8b0:   00000000000130a8 0000000000000000
0x00000001729ca8c0:   0000000000000000 0a7456636db60002
0x00000001729ca8d0:   0000000000000000 0000000000000000
0x00000001729ca8e0:   00000001729ca920 9d0780018a73e98c
0x00000001729ca8f0:   00000001729ca9b8 000000010ddec7c0
0x00000001729ca900:   0000000000000000 000000010629cff8
0x00000001729ca910:   00000001729ca930 000000010ddeb730
0x00000001729ca920:   00000001729ca990 5a1600010dded8ac
0x00000001729ca930:   000000010dded6cc 00000001286ff138
0x00000001729ca940:   00000001729ca940 0000000000000000
0x00000001729ca950:   00000001729ca9b8 0000000128720000
0x00000001729ca960:   000000070e820198 0000000000000000
0x00000001729ca970:   0000000000000000 00000001286ff138
0x00000001729ca980:   0000000000000000 00000001729ca990
0x00000001729ca990:   00000001729caa10 000000010dde9fc8
0x00000001729ca9a0:   0000000000000000 0000000000000000
0x00000001729ca9b0:   000000070ff1e350 000000070e820210 

Instructions: (pc=0x000000010dde54f0)
0x000000010dde53f0:   f2a0c4c9 f2c00029 6d425935 1e640886
0x000000010dde5400:   0c402d31 1e6408c7 1f5654d0 1e6c1017
0x000000010dde5410:   1f5050d0 1f504cd0 1f5048d0 1e650af6
0x000000010dde5420:   1f50d8f6 1f5694d6 1f5158f6 1e762880
0x000000010dde5430:   36000501 1e614000 14000026 2e251ca5
0x000000010dde5440:   d2843009 f2a0c4c9 f2c00029 6d425d36
0x000000010dde5450:   1e600806 0c402d32 1f5758c7 1e6c101a
0x000000010dde5460:   1f4754c7 1e650805 1f4750c7 d2866668
0x000000010dde5470:   f2a7fa68 1f474cc7 1e6608c0 1f4748c7
0x000000010dde5480:   1e6e1019 eb08007f 540000ac 1f479400
0x000000010dde5490:   1f460340 1e603b20 1400000e d2a7fd29
0x000000010dde54a0:   eb09007f 540000ac 51480069 d3607d29
0x000000010dde54b0:   9e670121 14000002 1e6a5001 1f679417
0x000000010dde54c0:   1f668742 1e613b23 1e773857 1e773860
0x000000010dde54d0:   a8c17ff3 910003bf a8c17bfd d65f03c0
0x000000010dde54e0:   b9400001 aa0103e0 d65f03c0 f9400001
0x000000010dde54f0:   aa0103e0 d65f03c0 00000000 00000000
0x000000010dde5500:   00000000 00000000 00000000 00000000
0x000000010dde5510:   00000000 00000000 00000000 00000000
0x000000010dde5520:   00000000 00000000 00000000 00000000
0x000000010dde5530:   00000000 00000000 00000000 00000000
0x000000010dde5540:   00000000 00000000 00000000 00000000
0x000000010dde5550:   00000000 00000000 00000000 00000000
0x000000010dde5560:   00000000 00000000 00000000 00000000
0x000000010dde5570:   00000000 00000000 00000000 00000000
0x000000010dde5580:   00000000 00000000 00000000 00000000
0x000000010dde5590:   00000000 00000000 00000000 00000000
0x000000010dde55a0:   00000000 00000000 00000000 00000000
0x000000010dde55b0:   00000000 00000000 00000000 00000000
0x000000010dde55c0:   00000000 00000000 00000000 00000000
0x000000010dde55d0:   00000000 00000000 00000000 00000000
0x000000010dde55e0:   00000000 00000000 00000000 00000000 


Stack slot to memory mapping:
stack at sp + 0 slots: 0x0000000128720000 is pointing into metadata
stack at sp + 1 slots: 0x0000000000000001 is an unknown value
stack at sp + 2 slots: 0x00000001729ca9b8 is pointing into the stack for thread: 0x000000015b967600
stack at sp + 3 slots: 0x000000015a8ca140 points into unknown readable memory: 0x01000001e1f56011 | 11 60 f5 e1 01 00 00 01
stack at sp + 4 slots: 0x0 is NULL
stack at sp + 5 slots: 0x000000015a80e440 is a global jni handle
stack at sp + 6 slots: 0x000000015a80e440 is a global jni handle
stack at sp + 7 slots: 0x00000001596186b0 points into unknown readable memory: 0x0000000159618880 | 80 88 61 59 01 00 00 00

StubRoutines::SafeFetchN [0x000000010dde54ec, 0x000000010dde54f8] (12 bytes)
[MachCode]
  0x000000010dde54ec: 0100 40f9 | e003 01aa | c003 5fd6 
[/MachCode]

---------------  P R O C E S S  ---------------

Threads class SMR info:
_java_thread_list=0x0000000159611080, length=16, elements={
0x000000015a009200, 0x000000015a0fba00, 0x000000015a0fe200, 0x000000015b012400,
0x000000015b012a00, 0x000000015b016400, 0x000000015b016a00, 0x000000015b017000,
0x000000015b021800, 0x000000015c80a200, 0x000000015b02a800, 0x000000015b91bc00,
0x0000000159817600, 0x000000015b0cec00, 0x000000015b967600, 0x000000015a108c00
}

Java Threads: ( => current thread )
  0x000000015a009200 JavaThread "main" [_thread_blocked, id=9987, stack(0x000000016fbb4000,0x000000016fdb7000)]
  0x000000015a0fba00 JavaThread "Reference Handler" daemon [_thread_blocked, id=15619, stack(0x0000000170a08000,0x0000000170c0b000)]
  0x000000015a0fe200 JavaThread "Finalizer" daemon [_thread_blocked, id=16899, stack(0x0000000170c14000,0x0000000170e17000)]
  0x000000015b012400 JavaThread "Signal Dispatcher" daemon [_thread_blocked, id=41731, stack(0x0000000170f38000,0x000000017113b000)]
  0x000000015b012a00 JavaThread "Service Thread" daemon [_thread_blocked, id=22531, stack(0x0000000171144000,0x0000000171347000)]
  0x000000015b016400 JavaThread "Monitor Deflation Thread" daemon [_thread_blocked, id=23043, stack(0x0000000171350000,0x0000000171553000)]
  0x000000015b016a00 JavaThread "C2 CompilerThread0" daemon [_thread_blocked, id=41219, stack(0x000000017155c000,0x000000017175f000)]
  0x000000015b017000 JavaThread "C1 CompilerThread0" daemon [_thread_blocked, id=23555, stack(0x0000000171768000,0x000000017196b000)]
  0x000000015b021800 JavaThread "Sweeper thread" daemon [_thread_blocked, id=40707, stack(0x0000000171974000,0x0000000171b77000)]
  0x000000015c80a200 JavaThread "Notification Thread" daemon [_thread_blocked, id=24067, stack(0x0000000171b80000,0x0000000171d83000)]
  0x000000015b02a800 JavaThread "Common-Cleaner" daemon [_thread_blocked, id=24835, stack(0x0000000171f98000,0x000000017219b000)]
  0x000000015b91bc00 JavaThread "ReaderThread" [_thread_in_native, id=25091, stack(0x00000001721a4000,0x00000001723a7000)]
  0x0000000159817600 JavaThread "JavaFX-Launcher" [_thread_blocked, id=39939, stack(0x00000001723b0000,0x00000001725b3000)]
  0x000000015b0cec00 JavaThread "QuantumRenderer-0" daemon [_thread_blocked, id=25603, stack(0x00000001725bc000,0x00000001727bf000)]
=>0x000000015b967600 JavaThread "InvokeLaterDispatcher" daemon [_thread_in_native, id=30475, stack(0x00000001727c8000,0x00000001729cb000)]
  0x000000015a108c00 JavaThread "Thread-2" [_thread_in_native, id=259, stack(0x000000016f32c000,0x000000016fb28000)]

Other Threads:
  0x000000015961e470 VMThread "VM Thread" [stack: 0x00000001707fc000,0x00000001709ff000] [id=15107]
  0x000000015ab09790 WatcherThread [stack: 0x0000000171d8c000,0x0000000171f8f000] [id=24323]
  0x00000001597176f0 GCTaskThread "GC Thread#0" [stack: 0x000000016fdc0000,0x000000016ffc3000] [id=19971]
  0x00000001597e5670 GCTaskThread "GC Thread#1" [stack: 0x00000001729d4000,0x0000000172bd7000] [id=35075]
  0x00000001597e5f40 GCTaskThread "GC Thread#2" [stack: 0x0000000172be0000,0x0000000172de3000] [id=31235]
  0x00000001597e6810 GCTaskThread "GC Thread#3" [stack: 0x0000000172dec000,0x0000000172fef000] [id=34563]
  0x00000001597e70e0 GCTaskThread "GC Thread#4" [stack: 0x0000000172ff8000,0x00000001731fb000] [id=34307]
  0x00000001597e79b0 GCTaskThread "GC Thread#5" [stack: 0x0000000173204000,0x0000000173407000] [id=32003]
  0x00000001597e8670 GCTaskThread "GC Thread#6" [stack: 0x0000000173410000,0x0000000173613000] [id=33795]
  0x00000001597e9330 GCTaskThread "GC Thread#7" [stack: 0x000000017361c000,0x000000017381f000] [id=32515]
  0x00000001597185a0 ConcurrentGCThread "G1 Main Marker" [stack: 0x000000016ffcc000,0x00000001701cf000] [id=12803]
  0x0000000159719370 ConcurrentGCThread "G1 Conc#0" [stack: 0x00000001701d8000,0x00000001703db000] [id=13571]
  0x0000000159733220 ConcurrentGCThread "G1 Refine#0" [stack: 0x00000001703e4000,0x00000001705e7000] [id=13827]
  0x0000000159733fc0 ConcurrentGCThread "G1 Service" [stack: 0x00000001705f0000,0x00000001707f3000] [id=18947]

Threads with active compile tasks:

VM state: not at safepoint (normal execution)

VM Mutex/Monitor currently owned by a thread: None

Heap address: 0x0000000700000000, size: 4096 MB, Compressed Oops mode: Zero based, Oop shift amount: 3

CDS archive(s) mapped at: [0x0000000800000000-0x0000000800bd8000-0x0000000800bd8000), size 12419072, SharedBaseAddress: 0x0000000800000000, ArchiveRelocationMode: 0.
Compressed class space mapped at: 0x0000000800c00000-0x0000000840c00000, reserved size: 1073741824
Narrow klass base: 0x0000000800000000, Narrow klass shift: 0, Narrow klass range: 0x100000000

GC Precious Log:
 CPUs: 8 total, 8 available
 Memory: 16384M
 Large Page Support: Disabled
 NUMA Support: Disabled
 Compressed Oops: Enabled (Zero based)
 Heap Region Size: 2M
 Heap Min Capacity: 8M
 Heap Initial Capacity: 256M
 Heap Max Capacity: 4G
 Pre-touch: Disabled
 Parallel Workers: 8
 Concurrent Workers: 2
 Concurrent Refinement Workers: 8
 Periodic GC: Disabled

Heap:
 garbage-first heap   total 266240K, used 4971K [0x0000000700000000, 0x0000000800000000)
  region size 2048K, 3 young (6144K), 2 survivors (4096K)
 Metaspace       used 7327K, committed 7552K, reserved 1056768K
  class space    used 935K, committed 1024K, reserved 1048576K

Heap Regions: E=young(eden), S=young(survivor), O=old, HS=humongous(starts), HC=humongous(continues), CS=collection set, F=free, OA=open archive, CA=closed archive, TAMS=top-at-mark-start (previous, next)
|   0|0x0000000700000000, 0x0000000700000000, 0x0000000700200000|  0%| F|  |TAMS 0x0000000700000000, 0x0000000700000000| Untracked 
|   1|0x0000000700200000, 0x0000000700200000, 0x0000000700400000|  0%| F|  |TAMS 0x0000000700200000, 0x0000000700200000| Untracked 
|   2|0x0000000700400000, 0x0000000700400000, 0x0000000700600000|  0%| F|  |TAMS 0x0000000700400000, 0x0000000700400000| Untracked 
|   3|0x0000000700600000, 0x0000000700600000, 0x0000000700800000|  0%| F|  |TAMS 0x0000000700600000, 0x0000000700600000| Untracked 
|   4|0x0000000700800000, 0x0000000700800000, 0x0000000700a00000|  0%| F|  |TAMS 0x0000000700800000, 0x0000000700800000| Untracked 
|   5|0x0000000700a00000, 0x0000000700a00000, 0x0000000700c00000|  0%| F|  |TAMS 0x0000000700a00000, 0x0000000700a00000| Untracked 
|   6|0x0000000700c00000, 0x0000000700c00000, 0x0000000700e00000|  0%| F|  |TAMS 0x0000000700c00000, 0x0000000700c00000| Untracked 
|   7|0x0000000700e00000, 0x0000000700e00000, 0x0000000701000000|  0%| F|  |TAMS 0x0000000700e00000, 0x0000000700e00000| Untracked 
|   8|0x0000000701000000, 0x0000000701000000, 0x0000000701200000|  0%| F|  |TAMS 0x0000000701000000, 0x0000000701000000| Untracked 
|   9|0x0000000701200000, 0x0000000701200000, 0x0000000701400000|  0%| F|  |TAMS 0x0000000701200000, 0x0000000701200000| Untracked 
|  10|0x0000000701400000, 0x0000000701400000, 0x0000000701600000|  0%| F|  |TAMS 0x0000000701400000, 0x0000000701400000| Untracked 
|  11|0x0000000701600000, 0x0000000701600000, 0x0000000701800000|  0%| F|  |TAMS 0x0000000701600000, 0x0000000701600000| Untracked 
|  12|0x0000000701800000, 0x0000000701800000, 0x0000000701a00000|  0%| F|  |TAMS 0x0000000701800000, 0x0000000701800000| Untracked 
|  13|0x0000000701a00000, 0x0000000701a00000, 0x0000000701c00000|  0%| F|  |TAMS 0x0000000701a00000, 0x0000000701a00000| Untracked 
|  14|0x0000000701c00000, 0x0000000701c00000, 0x0000000701e00000|  0%| F|  |TAMS 0x0000000701c00000, 0x0000000701c00000| Untracked 
|  15|0x0000000701e00000, 0x0000000701e00000, 0x0000000702000000|  0%| F|  |TAMS 0x0000000701e00000, 0x0000000701e00000| Untracked 
|  16|0x0000000702000000, 0x0000000702000000, 0x0000000702200000|  0%| F|  |TAMS 0x0000000702000000, 0x0000000702000000| Untracked 
|  17|0x0000000702200000, 0x0000000702200000, 0x0000000702400000|  0%| F|  |TAMS 0x0000000702200000, 0x0000000702200000| Untracked 
|  18|0x0000000702400000, 0x0000000702400000, 0x0000000702600000|  0%| F|  |TAMS 0x0000000702400000, 0x0000000702400000| Untracked 
|  19|0x0000000702600000, 0x0000000702600000, 0x0000000702800000|  0%| F|  |TAMS 0x0000000702600000, 0x0000000702600000| Untracked 
|  20|0x0000000702800000, 0x0000000702800000, 0x0000000702a00000|  0%| F|  |TAMS 0x0000000702800000, 0x0000000702800000| Untracked 
|  21|0x0000000702a00000, 0x0000000702a00000, 0x0000000702c00000|  0%| F|  |TAMS 0x0000000702a00000, 0x0000000702a00000| Untracked 
|  22|0x0000000702c00000, 0x0000000702c00000, 0x0000000702e00000|  0%| F|  |TAMS 0x0000000702c00000, 0x0000000702c00000| Untracked 
|  23|0x0000000702e00000, 0x0000000702e00000, 0x0000000703000000|  0%| F|  |TAMS 0x0000000702e00000, 0x0000000702e00000| Untracked 
|  24|0x0000000703000000, 0x0000000703000000, 0x0000000703200000|  0%| F|  |TAMS 0x0000000703000000, 0x0000000703000000| Untracked 
|  25|0x0000000703200000, 0x0000000703200000, 0x0000000703400000|  0%| F|  |TAMS 0x0000000703200000, 0x0000000703200000| Untracked 
|  26|0x0000000703400000, 0x0000000703400000, 0x0000000703600000|  0%| F|  |TAMS 0x0000000703400000, 0x0000000703400000| Untracked 
|  27|0x0000000703600000, 0x0000000703600000, 0x0000000703800000|  0%| F|  |TAMS 0x0000000703600000, 0x0000000703600000| Untracked 
|  28|0x0000000703800000, 0x0000000703800000, 0x0000000703a00000|  0%| F|  |TAMS 0x0000000703800000, 0x0000000703800000| Untracked 
|  29|0x0000000703a00000, 0x0000000703a00000, 0x0000000703c00000|  0%| F|  |TAMS 0x0000000703a00000, 0x0000000703a00000| Untracked 
|  30|0x0000000703c00000, 0x0000000703c00000, 0x0000000703e00000|  0%| F|  |TAMS 0x0000000703c00000, 0x0000000703c00000| Untracked 
|  31|0x0000000703e00000, 0x0000000703e00000, 0x0000000704000000|  0%| F|  |TAMS 0x0000000703e00000, 0x0000000703e00000| Untracked 
|  32|0x0000000704000000, 0x0000000704000000, 0x0000000704200000|  0%| F|  |TAMS 0x0000000704000000, 0x0000000704000000| Untracked 
|  33|0x0000000704200000, 0x0000000704200000, 0x0000000704400000|  0%| F|  |TAMS 0x0000000704200000, 0x0000000704200000| Untracked 
|  34|0x0000000704400000, 0x0000000704400000, 0x0000000704600000|  0%| F|  |TAMS 0x0000000704400000, 0x0000000704400000| Untracked 
|  35|0x0000000704600000, 0x0000000704600000, 0x0000000704800000|  0%| F|  |TAMS 0x0000000704600000, 0x0000000704600000| Untracked 
|  36|0x0000000704800000, 0x0000000704800000, 0x0000000704a00000|  0%| F|  |TAMS 0x0000000704800000, 0x0000000704800000| Untracked 
|  37|0x0000000704a00000, 0x0000000704a00000, 0x0000000704c00000|  0%| F|  |TAMS 0x0000000704a00000, 0x0000000704a00000| Untracked 
|  38|0x0000000704c00000, 0x0000000704c00000, 0x0000000704e00000|  0%| F|  |TAMS 0x0000000704c00000, 0x0000000704c00000| Untracked 
|  39|0x0000000704e00000, 0x0000000704e00000, 0x0000000705000000|  0%| F|  |TAMS 0x0000000704e00000, 0x0000000704e00000| Untracked 
|  40|0x0000000705000000, 0x0000000705000000, 0x0000000705200000|  0%| F|  |TAMS 0x0000000705000000, 0x0000000705000000| Untracked 
|  41|0x0000000705200000, 0x0000000705200000, 0x0000000705400000|  0%| F|  |TAMS 0x0000000705200000, 0x0000000705200000| Untracked 
|  42|0x0000000705400000, 0x0000000705400000, 0x0000000705600000|  0%| F|  |TAMS 0x0000000705400000, 0x0000000705400000| Untracked 
|  43|0x0000000705600000, 0x0000000705600000, 0x0000000705800000|  0%| F|  |TAMS 0x0000000705600000, 0x0000000705600000| Untracked 
|  44|0x0000000705800000, 0x0000000705800000, 0x0000000705a00000|  0%| F|  |TAMS 0x0000000705800000, 0x0000000705800000| Untracked 
|  45|0x0000000705a00000, 0x0000000705a00000, 0x0000000705c00000|  0%| F|  |TAMS 0x0000000705a00000, 0x0000000705a00000| Untracked 
|  46|0x0000000705c00000, 0x0000000705c00000, 0x0000000705e00000|  0%| F|  |TAMS 0x0000000705c00000, 0x0000000705c00000| Untracked 
|  47|0x0000000705e00000, 0x0000000705e00000, 0x0000000706000000|  0%| F|  |TAMS 0x0000000705e00000, 0x0000000705e00000| Untracked 
|  48|0x0000000706000000, 0x0000000706000000, 0x0000000706200000|  0%| F|  |TAMS 0x0000000706000000, 0x0000000706000000| Untracked 
|  49|0x0000000706200000, 0x0000000706200000, 0x0000000706400000|  0%| F|  |TAMS 0x0000000706200000, 0x0000000706200000| Untracked 
|  50|0x0000000706400000, 0x0000000706400000, 0x0000000706600000|  0%| F|  |TAMS 0x0000000706400000, 0x0000000706400000| Untracked 
|  51|0x0000000706600000, 0x0000000706600000, 0x0000000706800000|  0%| F|  |TAMS 0x0000000706600000, 0x0000000706600000| Untracked 
|  52|0x0000000706800000, 0x0000000706800000, 0x0000000706a00000|  0%| F|  |TAMS 0x0000000706800000, 0x0000000706800000| Untracked 
|  53|0x0000000706a00000, 0x0000000706a00000, 0x0000000706c00000|  0%| F|  |TAMS 0x0000000706a00000, 0x0000000706a00000| Untracked 
|  54|0x0000000706c00000, 0x0000000706c00000, 0x0000000706e00000|  0%| F|  |TAMS 0x0000000706c00000, 0x0000000706c00000| Untracked 
|  55|0x0000000706e00000, 0x0000000706e00000, 0x0000000707000000|  0%| F|  |TAMS 0x0000000706e00000, 0x0000000706e00000| Untracked 
|  56|0x0000000707000000, 0x0000000707000000, 0x0000000707200000|  0%| F|  |TAMS 0x0000000707000000, 0x0000000707000000| Untracked 
|  57|0x0000000707200000, 0x0000000707200000, 0x0000000707400000|  0%| F|  |TAMS 0x0000000707200000, 0x0000000707200000| Untracked 
|  58|0x0000000707400000, 0x0000000707400000, 0x0000000707600000|  0%| F|  |TAMS 0x0000000707400000, 0x0000000707400000| Untracked 
|  59|0x0000000707600000, 0x0000000707600000, 0x0000000707800000|  0%| F|  |TAMS 0x0000000707600000, 0x0000000707600000| Untracked 
|  60|0x0000000707800000, 0x0000000707800000, 0x0000000707a00000|  0%| F|  |TAMS 0x0000000707800000, 0x0000000707800000| Untracked 
|  61|0x0000000707a00000, 0x0000000707a00000, 0x0000000707c00000|  0%| F|  |TAMS 0x0000000707a00000, 0x0000000707a00000| Untracked 
|  62|0x0000000707c00000, 0x0000000707c00000, 0x0000000707e00000|  0%| F|  |TAMS 0x0000000707c00000, 0x0000000707c00000| Untracked 
|  63|0x0000000707e00000, 0x0000000707e00000, 0x0000000708000000|  0%| F|  |TAMS 0x0000000707e00000, 0x0000000707e00000| Untracked 
|  64|0x0000000708000000, 0x0000000708000000, 0x0000000708200000|  0%| F|  |TAMS 0x0000000708000000, 0x0000000708000000| Untracked 
|  65|0x0000000708200000, 0x0000000708200000, 0x0000000708400000|  0%| F|  |TAMS 0x0000000708200000, 0x0000000708200000| Untracked 
|  66|0x0000000708400000, 0x0000000708400000, 0x0000000708600000|  0%| F|  |TAMS 0x0000000708400000, 0x0000000708400000| Untracked 
|  67|0x0000000708600000, 0x0000000708600000, 0x0000000708800000|  0%| F|  |TAMS 0x0000000708600000, 0x0000000708600000| Untracked 
|  68|0x0000000708800000, 0x0000000708800000, 0x0000000708a00000|  0%| F|  |TAMS 0x0000000708800000, 0x0000000708800000| Untracked 
|  69|0x0000000708a00000, 0x0000000708a00000, 0x0000000708c00000|  0%| F|  |TAMS 0x0000000708a00000, 0x0000000708a00000| Untracked 
|  70|0x0000000708c00000, 0x0000000708c00000, 0x0000000708e00000|  0%| F|  |TAMS 0x0000000708c00000, 0x0000000708c00000| Untracked 
|  71|0x0000000708e00000, 0x0000000708e00000, 0x0000000709000000|  0%| F|  |TAMS 0x0000000708e00000, 0x0000000708e00000| Untracked 
|  72|0x0000000709000000, 0x0000000709000000, 0x0000000709200000|  0%| F|  |TAMS 0x0000000709000000, 0x0000000709000000| Untracked 
|  73|0x0000000709200000, 0x0000000709200000, 0x0000000709400000|  0%| F|  |TAMS 0x0000000709200000, 0x0000000709200000| Untracked 
|  74|0x0000000709400000, 0x0000000709400000, 0x0000000709600000|  0%| F|  |TAMS 0x0000000709400000, 0x0000000709400000| Untracked 
|  75|0x0000000709600000, 0x0000000709600000, 0x0000000709800000|  0%| F|  |TAMS 0x0000000709600000, 0x0000000709600000| Untracked 
|  76|0x0000000709800000, 0x0000000709800000, 0x0000000709a00000|  0%| F|  |TAMS 0x0000000709800000, 0x0000000709800000| Untracked 
|  77|0x0000000709a00000, 0x0000000709a00000, 0x0000000709c00000|  0%| F|  |TAMS 0x0000000709a00000, 0x0000000709a00000| Untracked 
|  78|0x0000000709c00000, 0x0000000709c00000, 0x0000000709e00000|  0%| F|  |TAMS 0x0000000709c00000, 0x0000000709c00000| Untracked 
|  79|0x0000000709e00000, 0x0000000709e00000, 0x000000070a000000|  0%| F|  |TAMS 0x0000000709e00000, 0x0000000709e00000| Untracked 
|  80|0x000000070a000000, 0x000000070a000000, 0x000000070a200000|  0%| F|  |TAMS 0x000000070a000000, 0x000000070a000000| Untracked 
|  81|0x000000070a200000, 0x000000070a200000, 0x000000070a400000|  0%| F|  |TAMS 0x000000070a200000, 0x000000070a200000| Untracked 
|  82|0x000000070a400000, 0x000000070a400000, 0x000000070a600000|  0%| F|  |TAMS 0x000000070a400000, 0x000000070a400000| Untracked 
|  83|0x000000070a600000, 0x000000070a600000, 0x000000070a800000|  0%| F|  |TAMS 0x000000070a600000, 0x000000070a600000| Untracked 
|  84|0x000000070a800000, 0x000000070a800000, 0x000000070aa00000|  0%| F|  |TAMS 0x000000070a800000, 0x000000070a800000| Untracked 
|  85|0x000000070aa00000, 0x000000070aa00000, 0x000000070ac00000|  0%| F|  |TAMS 0x000000070aa00000, 0x000000070aa00000| Untracked 
|  86|0x000000070ac00000, 0x000000070ac00000, 0x000000070ae00000|  0%| F|  |TAMS 0x000000070ac00000, 0x000000070ac00000| Untracked 
|  87|0x000000070ae00000, 0x000000070ae00000, 0x000000070b000000|  0%| F|  |TAMS 0x000000070ae00000, 0x000000070ae00000| Untracked 
|  88|0x000000070b000000, 0x000000070b000000, 0x000000070b200000|  0%| F|  |TAMS 0x000000070b000000, 0x000000070b000000| Untracked 
|  89|0x000000070b200000, 0x000000070b200000, 0x000000070b400000|  0%| F|  |TAMS 0x000000070b200000, 0x000000070b200000| Untracked 
|  90|0x000000070b400000, 0x000000070b400000, 0x000000070b600000|  0%| F|  |TAMS 0x000000070b400000, 0x000000070b400000| Untracked 
|  91|0x000000070b600000, 0x000000070b600000, 0x000000070b800000|  0%| F|  |TAMS 0x000000070b600000, 0x000000070b600000| Untracked 
|  92|0x000000070b800000, 0x000000070b800000, 0x000000070ba00000|  0%| F|  |TAMS 0x000000070b800000, 0x000000070b800000| Untracked 
|  93|0x000000070ba00000, 0x000000070ba00000, 0x000000070bc00000|  0%| F|  |TAMS 0x000000070ba00000, 0x000000070ba00000| Untracked 
|  94|0x000000070bc00000, 0x000000070bc00000, 0x000000070be00000|  0%| F|  |TAMS 0x000000070bc00000, 0x000000070bc00000| Untracked 
|  95|0x000000070be00000, 0x000000070be00000, 0x000000070c000000|  0%| F|  |TAMS 0x000000070be00000, 0x000000070be00000| Untracked 
|  96|0x000000070c000000, 0x000000070c000000, 0x000000070c200000|  0%| F|  |TAMS 0x000000070c000000, 0x000000070c000000| Untracked 
|  97|0x000000070c200000, 0x000000070c200000, 0x000000070c400000|  0%| F|  |TAMS 0x000000070c200000, 0x000000070c200000| Untracked 
|  98|0x000000070c400000, 0x000000070c400000, 0x000000070c600000|  0%| F|  |TAMS 0x000000070c400000, 0x000000070c400000| Untracked 
|  99|0x000000070c600000, 0x000000070c600000, 0x000000070c800000|  0%| F|  |TAMS 0x000000070c600000, 0x000000070c600000| Untracked 
| 100|0x000000070c800000, 0x000000070c800000, 0x000000070ca00000|  0%| F|  |TAMS 0x000000070c800000, 0x000000070c800000| Untracked 
| 101|0x000000070ca00000, 0x000000070ca00000, 0x000000070cc00000|  0%| F|  |TAMS 0x000000070ca00000, 0x000000070ca00000| Untracked 
| 102|0x000000070cc00000, 0x000000070cc00000, 0x000000070ce00000|  0%| F|  |TAMS 0x000000070cc00000, 0x000000070cc00000| Untracked 
| 103|0x000000070ce00000, 0x000000070ce00000, 0x000000070d000000|  0%| F|  |TAMS 0x000000070ce00000, 0x000000070ce00000| Untracked 
| 104|0x000000070d000000, 0x000000070d000000, 0x000000070d200000|  0%| F|  |TAMS 0x000000070d000000, 0x000000070d000000| Untracked 
| 105|0x000000070d200000, 0x000000070d200000, 0x000000070d400000|  0%| F|  |TAMS 0x000000070d200000, 0x000000070d200000| Untracked 
| 106|0x000000070d400000, 0x000000070d400000, 0x000000070d600000|  0%| F|  |TAMS 0x000000070d400000, 0x000000070d400000| Untracked 
| 107|0x000000070d600000, 0x000000070d600000, 0x000000070d800000|  0%| F|  |TAMS 0x000000070d600000, 0x000000070d600000| Untracked 
| 108|0x000000070d800000, 0x000000070d800000, 0x000000070da00000|  0%| F|  |TAMS 0x000000070d800000, 0x000000070d800000| Untracked 
| 109|0x000000070da00000, 0x000000070da00000, 0x000000070dc00000|  0%| F|  |TAMS 0x000000070da00000, 0x000000070da00000| Untracked 
| 110|0x000000070dc00000, 0x000000070dc00000, 0x000000070de00000|  0%| F|  |TAMS 0x000000070dc00000, 0x000000070dc00000| Untracked 
| 111|0x000000070de00000, 0x000000070de00000, 0x000000070e000000|  0%| F|  |TAMS 0x000000070de00000, 0x000000070de00000| Untracked 
| 112|0x000000070e000000, 0x000000070e000000, 0x000000070e200000|  0%| F|  |TAMS 0x000000070e000000, 0x000000070e000000| Untracked 
| 113|0x000000070e200000, 0x000000070e200000, 0x000000070e400000|  0%| F|  |TAMS 0x000000070e200000, 0x000000070e200000| Untracked 
| 114|0x000000070e400000, 0x000000070e400000, 0x000000070e600000|  0%| F|  |TAMS 0x000000070e400000, 0x000000070e400000| Untracked 
| 115|0x000000070e600000, 0x000000070e6e2dd0, 0x000000070e800000| 44%| S|CS|TAMS 0x000000070e600000, 0x000000070e600000| Complete 
| 116|0x000000070e800000, 0x000000070ea00000, 0x000000070ea00000|100%| S|CS|TAMS 0x000000070e800000, 0x000000070e800000| Complete 
| 117|0x000000070ea00000, 0x000000070ea00000, 0x000000070ec00000|  0%| F|  |TAMS 0x000000070ea00000, 0x000000070ea00000| Untracked 
| 118|0x000000070ec00000, 0x000000070ec00000, 0x000000070ee00000|  0%| F|  |TAMS 0x000000070ec00000, 0x000000070ec00000| Untracked 
| 119|0x000000070ee00000, 0x000000070ee00000, 0x000000070f000000|  0%| F|  |TAMS 0x000000070ee00000, 0x000000070ee00000| Untracked 
| 120|0x000000070f000000, 0x000000070f000000, 0x000000070f200000|  0%| F|  |TAMS 0x000000070f000000, 0x000000070f000000| Untracked 
| 121|0x000000070f200000, 0x000000070f200000, 0x000000070f400000|  0%| F|  |TAMS 0x000000070f200000, 0x000000070f200000| Untracked 
| 122|0x000000070f400000, 0x000000070f400000, 0x000000070f600000|  0%| F|  |TAMS 0x000000070f400000, 0x000000070f400000| Untracked 
| 123|0x000000070f600000, 0x000000070f600000, 0x000000070f800000|  0%| F|  |TAMS 0x000000070f600000, 0x000000070f600000| Untracked 
| 124|0x000000070f800000, 0x000000070f800000, 0x000000070fa00000|  0%| F|  |TAMS 0x000000070f800000, 0x000000070f800000| Untracked 
| 125|0x000000070fa00000, 0x000000070fa00000, 0x000000070fc00000|  0%| F|  |TAMS 0x000000070fa00000, 0x000000070fa00000| Untracked 
| 126|0x000000070fc00000, 0x000000070fc00000, 0x000000070fe00000|  0%| F|  |TAMS 0x000000070fc00000, 0x000000070fc00000| Untracked 
| 127|0x000000070fe00000, 0x000000070ff68750, 0x0000000710000000| 70%| E|  |TAMS 0x000000070fe00000, 0x000000070fe00000| Complete 
|2046|0x00000007ffc00000, 0x00000007ffd78000, 0x00000007ffe00000| 73%|OA|  |TAMS 0x00000007ffc00000, 0x00000007ffc00000| Untracked 
|2047|0x00000007ffe00000, 0x00000007ffe80000, 0x0000000800000000| 25%|CA|  |TAMS 0x00000007ffe00000, 0x00000007ffe00000| Untracked 

Card table byte_map: [0x000000011cde4000,0x000000011d5e4000] _byte_map_base: 0x00000001195e4000

Marking Bits (Prev, Next): (CMBitMap*) 0x000000015a034a10, (CMBitMap*) 0x000000015a034a50
 Prev Bits: [0x000000011dde4000, 0x0000000121de4000)
 Next Bits: [0x0000000121de4000, 0x0000000125de4000)

Polling page: 0x0000000100508000

Metaspace:

Usage:
  Non-class:      6.24 MB used.
      Class:    935.41 KB used.
       Both:      7.16 MB used.

Virtual space:
  Non-class space:        8.00 MB reserved,       6.38 MB ( 80%) committed,  1 nodes.
      Class space:        1.00 GB reserved,       1.00 MB ( <1%) committed,  1 nodes.
             Both:        1.01 GB reserved,       7.38 MB ( <1%) committed. 

Chunk freelists:
   Non-Class:  864.00 KB
       Class:  2.88 MB
        Both:  3.72 MB

MaxMetaspaceSize: unlimited
CompressedClassSpaceSize: 1.00 GB
Initial GC threshold: 21.00 MB
Current GC threshold: 21.00 MB
CDS: on
MetaspaceReclaimPolicy: balanced
 - commit_granule_bytes: 65536.
 - commit_granule_words: 8192.
 - virtual_space_node_default_size: 1048576.
 - enlarge_chunks_in_place: 1.
 - new_chunks_are_fully_committed: 0.
 - uncommit_free_chunks: 1.
 - use_allocation_guard: 0.
 - handle_deallocations: 1.


Internal statistics:

num_allocs_failed_limit: 0.
num_arena_births: 156.
num_arena_deaths: 0.
num_vsnodes_births: 2.
num_vsnodes_deaths: 0.
num_space_committed: 118.
num_space_uncommitted: 0.
num_chunks_returned_to_freelist: 0.
num_chunks_taken_from_freelist: 393.
num_chunk_merges: 0.
num_chunk_splits: 222.
num_chunks_enlarged: 141.
num_purges: 0.
num_inconsistent_stats: 0.

CodeHeap 'non-profiled nmethods': size=120032Kb used=351Kb max_used=351Kb free=119680Kb
 bounds [0x00000001158ac000, 0x0000000115b1c000, 0x000000011cde4000]
CodeHeap 'profiled nmethods': size=120016Kb used=2641Kb max_used=2641Kb free=117374Kb
 bounds [0x000000010e378000, 0x000000010e618000, 0x00000001158ac000]
CodeHeap 'non-nmethods': size=5712Kb used=1177Kb max_used=1205Kb free=4534Kb
 bounds [0x000000010dde4000, 0x000000010e054000, 0x000000010e378000]
 total_blobs=1729 nmethods=1223 adapters=423
 compilation: enabled
              stopped_count=0, restarted_count=0
 full_count=0

Compilation events (20 events):
Event: 0.337 Thread 0x000000015b017000 nmethod 1222 0x000000010e606190 code [0x000000010e606340, 0x000000010e6065d8]
Event: 0.337 Thread 0x000000015b017000 1223   !   3       java.lang.ref.ReferenceQueue::enqueue (119 bytes)
Event: 0.337 Thread 0x000000015b017000 nmethod 1223 0x000000010e606690 code [0x000000010e6068c0, 0x000000010e607058]
Event: 0.337 Thread 0x000000015b017000 1225   !   3       java.lang.ref.ReferenceQueue::remove (125 bytes)
Event: 0.337 Thread 0x000000015b017000 nmethod 1225 0x000000010e607290 code [0x000000010e607500, 0x000000010e607ce8]
Event: 0.337 Thread 0x000000015b017000 1228       3       java.lang.ref.ReferenceQueue::reallyPoll (65 bytes)
Event: 0.338 Thread 0x000000015b017000 nmethod 1228 0x000000010e608010 code [0x000000010e608200, 0x000000010e608768]
Event: 0.338 Thread 0x000000015b017000 1226   !   3       jdk.internal.ref.PhantomCleanable::isListEmpty (34 bytes)
Event: 0.338 Thread 0x000000015b017000 nmethod 1226 0x000000010e608890 code [0x000000010e608a40, 0x000000010e608ce8]
Event: 0.338 Thread 0x000000015b017000 1227       3       jdk.internal.misc.InnocuousThread::eraseThreadLocals (23 bytes)
Event: 0.338 Thread 0x000000015b017000 nmethod 1227 0x000000010e608e10 code [0x000000010e608fc0, 0x000000010e6091e8]
Event: 0.338 Thread 0x000000015b017000 1229       3       java.lang.invoke.MethodHandleNatives$CallSiteContext::run (5 bytes)
Event: 0.338 Thread 0x000000015b017000 nmethod 1229 0x000000010e609290 code [0x000000010e609440, 0x000000010e6095d8]
Event: 0.362 Thread 0x000000015b016a00 1231       4       java.util.zip.ZipFile::ensureOpen (40 bytes)
Event: 0.362 Thread 0x000000015b017000 1232   !   3       java.util.concurrent.ConcurrentHashMap::replaceNode (437 bytes)
Event: 0.363 Thread 0x000000015b016a00 nmethod 1231 0x0000000115903610 code [0x00000001159037c0, 0x00000001159038d0]
Event: 0.364 Thread 0x000000015b017000 nmethod 1232 0x000000010e609690 code [0x000000010e609ac0, 0x000000010e60b388]
Event: 0.364 Thread 0x000000015b017000 1233       3       java.util.concurrent.ConcurrentHashMap::remove (8 bytes)
Event: 0.364 Thread 0x000000015b017000 nmethod 1233 0x000000010e60c090 code [0x000000010e60c240, 0x000000010e60c3d8]
Event: 0.403 Thread 0x000000015b016a00 1234       4       java.lang.CharacterDataLatin1::toUpperCase (53 bytes)

GC Heap History (2 events):
Event: 0.335 GC heap before
{Heap before GC invocations=0 (full 0):
 garbage-first heap   total 266240K, used 24544K [0x0000000700000000, 0x0000000800000000)
  region size 2048K, 11 young (22528K), 0 survivors (0K)
 Metaspace       used 7306K, committed 7552K, reserved 1056768K
  class space    used 932K, committed 1024K, reserved 1048576K
}
Event: 0.337 GC heap after
{Heap after GC invocations=1 (full 0):
 garbage-first heap   total 266240K, used 4971K [0x0000000700000000, 0x0000000800000000)
  region size 2048K, 2 young (4096K), 2 survivors (4096K)
 Metaspace       used 7306K, committed 7552K, reserved 1056768K
  class space    used 932K, committed 1024K, reserved 1048576K
}

Deoptimization events (20 events):
Event: 0.254 Thread 0x000000015b0cec00 DEOPT PACKING pc=0x00000001158caac4 sp=0x00000001727bd030
Event: 0.254 Thread 0x000000015b0cec00 DEOPT UNPACKING pc=0x000000010de22d1c sp=0x00000001727bcf90 mode 2
Event: 0.318 Thread 0x000000015b0cec00 DEOPT PACKING pc=0x000000010e5ef984 sp=0x00000001727bd810
Event: 0.318 Thread 0x000000015b0cec00 DEOPT UNPACKING pc=0x000000010de22b7c sp=0x00000001727bd530 mode 0
Event: 0.323 Thread 0x0000000159817600 Uncommon trap: trap_request=0xffffffde fr.pc=0x0000000115900f30 relative=0x00000000000000f0
Event: 0.323 Thread 0x0000000159817600 Uncommon trap: reason=class_check action=maybe_recompile pc=0x0000000115900f30 method=jdk.internal.misc.Unsafe.allocateUninitializedArray(Ljava/lang/Class;I)Ljava/lang/Object; @ 51 c2
Event: 0.323 Thread 0x0000000159817600 DEOPT PACKING pc=0x0000000115900f30 sp=0x00000001725ae5e0
Event: 0.323 Thread 0x0000000159817600 DEOPT UNPACKING pc=0x000000010de22d1c sp=0x00000001725ae570 mode 2
Event: 0.323 Thread 0x0000000159817600 Uncommon trap: trap_request=0xffffffde fr.pc=0x0000000115900f30 relative=0x00000000000000f0
Event: 0.323 Thread 0x0000000159817600 Uncommon trap: reason=class_check action=maybe_recompile pc=0x0000000115900f30 method=jdk.internal.misc.Unsafe.allocateUninitializedArray(Ljava/lang/Class;I)Ljava/lang/Object; @ 51 c2
Event: 0.323 Thread 0x0000000159817600 DEOPT PACKING pc=0x0000000115900f30 sp=0x00000001725b18f0
Event: 0.323 Thread 0x0000000159817600 DEOPT UNPACKING pc=0x000000010de22d1c sp=0x00000001725b1880 mode 2
Event: 0.324 Thread 0x0000000159817600 Uncommon trap: trap_request=0xffffffde fr.pc=0x0000000115900f30 relative=0x00000000000000f0
Event: 0.324 Thread 0x0000000159817600 Uncommon trap: reason=class_check action=maybe_recompile pc=0x0000000115900f30 method=jdk.internal.misc.Unsafe.allocateUninitializedArray(Ljava/lang/Class;I)Ljava/lang/Object; @ 51 c2
Event: 0.324 Thread 0x0000000159817600 DEOPT PACKING pc=0x0000000115900f30 sp=0x00000001725b18e0
Event: 0.324 Thread 0x0000000159817600 DEOPT UNPACKING pc=0x000000010de22d1c sp=0x00000001725b1870 mode 2
Event: 0.324 Thread 0x0000000159817600 Uncommon trap: trap_request=0xffffffde fr.pc=0x0000000115900f30 relative=0x00000000000000f0
Event: 0.324 Thread 0x0000000159817600 Uncommon trap: reason=class_check action=maybe_recompile pc=0x0000000115900f30 method=jdk.internal.misc.Unsafe.allocateUninitializedArray(Ljava/lang/Class;I)Ljava/lang/Object; @ 51 c2
Event: 0.324 Thread 0x0000000159817600 DEOPT PACKING pc=0x0000000115900f30 sp=0x00000001725b1810
Event: 0.324 Thread 0x0000000159817600 DEOPT UNPACKING pc=0x000000010de22d1c sp=0x00000001725b17a0 mode 2

Classes unloaded (0 events):
No events

Classes redefined (0 events):
No events

Internal exceptions (20 events):
Event: 0.151 Thread 0x000000015a009200 Exception <a 'java/lang/IncompatibleClassChangeError'{0x000000070f7dbd10}: Found class java.lang.Object, but interface was expected> (0x000000070f7dbd10) 
thrown [open/src/hotspot/share/interpreter/linkResolver.cpp, line 826]
Event: 0.152 Thread 0x000000015a009200 Exception <a 'java/lang/NoSuchMethodError'{0x000000070f7f7ae0}: 'java.lang.Object java.lang.invoke.DirectMethodHandle$Holder.invokeStatic(java.lang.Object, java.lang.Object, int)'> (0x000000070f7f7ae0) 
thrown [open/src/hotspot/share/interpreter/linkResolver.cpp, line 759]
Event: 0.155 Thread 0x000000015a009200 Exception <a 'java/lang/NoSuchMethodError'{0x000000070f44a100}: 'void java.lang.invoke.DirectMethodHandle$Holder.invokeSpecial(java.lang.Object, java.lang.Object, java.lang.Object, java.lang.Object, java.lang.Object)'> (0x000000070f44a100) 
thrown [open/src/hotspot/share/interpreter/linkResolver.cpp, line 759]
Event: 0.165 Thread 0x000000015a009200 Exception <a 'java/lang/NoSuchMethodError'{0x000000070f4f7ec0}: 'void java.lang.invoke.DirectMethodHandle$Holder.invokeInterface(java.lang.Object, java.lang.Object, java.lang.Object, java.lang.Object)'> (0x000000070f4f7ec0) 
thrown [open/src/hotspot/share/interpreter/linkResolver.cpp, line 759]
Event: 0.165 Thread 0x000000015a009200 Exception <a 'java/lang/IncompatibleClassChangeError'{0x000000070f4fb7e8}: Found class java.lang.Object, but interface was expected> (0x000000070f4fb7e8) 
thrown [open/src/hotspot/share/interpreter/linkResolver.cpp, line 826]
Event: 0.166 Thread 0x000000015a009200 Exception <a 'java/lang/NoSuchMethodError'{0x000000070f5237a0}: 'void java.lang.invoke.DirectMethodHandle$Holder.invokeStatic(java.lang.Object, java.lang.Object, java.lang.Object, java.lang.Object)'> (0x000000070f5237a0) 
thrown [open/src/hotspot/share/interpreter/linkResolver.cpp, line 759]
Event: 0.169 Thread 0x000000015a009200 Exception <a 'java/lang/NoSuchMethodError'{0x000000070f5824f8}: 'int java.lang.invoke.DirectMethodHandle$Holder.invokeStatic(java.lang.Object, java.lang.Object, java.lang.Object, java.lang.Object)'> (0x000000070f5824f8) 
thrown [open/src/hotspot/share/interpreter/linkResolver.cpp, line 759]
Event: 0.170 Thread 0x000000015a009200 Exception <a 'java/lang/NoSuchMethodError'{0x000000070f585e78}: 'java.lang.Object java.lang.invoke.Invokers$Holder.invokeExact_MT(java.lang.Object, java.lang.Object, java.lang.Object, java.lang.Object, java.lang.Object, java.lang.Object)'> (0x000000070f585e78) 
thrown [open/src/hotspot/share/interpreter/linkResolver.cpp, line 759]
Event: 0.170 Thread 0x000000015a009200 Exception <a 'java/lang/NoSuchMethodError'{0x000000070f595be8}: 'int java.lang.invoke.DirectMethodHandle$Holder.invokeStatic(java.lang.Object, java.lang.Object, java.lang.Object, java.lang.Object, java.lang.Object)'> (0x000000070f595be8) 
thrown [open/src/hotspot/share/interpreter/linkResolver.cpp, line 759]
Event: 0.173 Thread 0x000000015a009200 Exception <a 'java/lang/NoSuchMethodError'{0x000000070f5dcbd8}: 'void java.lang.invoke.DirectMethodHandle$Holder.invokeStaticInit(java.lang.Object)'> (0x000000070f5dcbd8) 
thrown [open/src/hotspot/share/interpreter/linkResolver.cpp, line 759]
Event: 0.181 Thread 0x000000015a009200 Exception <a 'java/lang/NoSuchMethodError'{0x000000070f2e0a88}: 'int java.lang.invoke.DirectMethodHandle$Holder.invokeStaticInit(java.lang.Object, java.lang.Object)'> (0x000000070f2e0a88) 
thrown [open/src/hotspot/share/interpreter/linkResolver.cpp, line 759]
Event: 0.184 Thread 0x000000015a009200 Exception <a 'java/lang/NoSuchMethodError'{0x000000070f31fc48}: 'int java.lang.invoke.DirectMethodHandle$Holder.invokeInterface(java.lang.Object, java.lang.Object)'> (0x000000070f31fc48) 
thrown [open/src/hotspot/share/interpreter/linkResolver.cpp, line 759]
Event: 0.193 Thread 0x000000015a009200 Exception <a 'java/lang/NoSuchMethodError'{0x000000070f3f48c0}: 'java.lang.Object java.lang.invoke.DirectMethodHandle$Holder.newInvokeSpecial(java.lang.Object, java.lang.Object, java.lang.Object, java.lang.Object, java.lang.Object, java.lang.Object, java.lang.Object)'> (0x000000070f3f48c0) 
thrown [open/src/hotspot/share/interpreter/linkResolver.cpp, line 759]
Event: 0.193 Thread 0x000000015a009200 Exception <a 'java/lang/NoSuchMethodError'{0x000000070f3f9478}: 'java.lang.Object java.lang.invoke.Invokers$Holder.linkToTargetMethod(java.lang.Object, java.lang.Object, java.lang.Object, java.lang.Object, java.lang.Object, java.lang.Object, java.lang.Object)'> (0x000000070f3f9478) 
thrown [open/src/hotspot/share/interpreter/linkResolver.cpp, line 759]
Event: 0.193 Thread 0x000000015a009200 Exception <a 'java/lang/NoSuchMethodError'{0x000000070f3ff940}: 'java.lang.Object java.lang.invoke.DirectMethodHandle$Holder.invokeInterface(java.lang.Object, java.lang.Object, java.lang.Object, java.lang.Object, java.lang.Object)'> (0x000000070f3ff940) 
thrown [open/src/hotspot/share/interpreter/linkResolver.cpp, line 759]
Event: 0.193 Thread 0x000000015a009200 Exception <a 'java/lang/IncompatibleClassChangeError'{0x000000070f004058}: Found class java.lang.Object, but interface was expected> (0x000000070f004058) 
thrown [open/src/hotspot/share/interpreter/linkResolver.cpp, line 826]
Event: 0.197 Thread 0x000000015a009200 Exception <a 'java/lang/IncompatibleClassChangeError'{0x000000070f052f70}: Found class java.lang.Object, but interface was expected> (0x000000070f052f70) 
thrown [open/src/hotspot/share/interpreter/linkResolver.cpp, line 826]
Event: 0.224 Thread 0x0000000159817600 Exception <a 'java/lang/NoSuchMethodError'{0x000000070eef77c8}: 'java.lang.Object java.lang.invoke.DirectMethodHandle$Holder.invokeStatic(java.lang.Object, int, java.lang.Object)'> (0x000000070eef77c8) 
thrown [open/src/hotspot/share/interpreter/linkResolver.cpp, line 759]
Event: 0.227 Thread 0x0000000159817600 Exception <a 'java/lang/ClassNotFoundException'{0x000000070ef2c6c8}: sun/util/logging/resources/spi/loggingProvider> (0x000000070ef2c6c8) 
thrown [open/src/hotspot/share/classfile/systemDictionary.cpp, line 256]
Event: 0.319 Thread 0x0000000159817600 Exception <a 'java/lang/NoSuchMethodError'{0x000000070ed684a8}: 'int java.lang.invoke.DirectMethodHandle$Holder.invokeStaticInit(java.lang.Object, java.lang.Object, java.lang.Object)'> (0x000000070ed684a8) 
thrown [open/src/hotspot/share/interpreter/linkResolver.cpp, line 759]

VM Operations (16 events):
Event: 0.047 Executing VM operation: HandshakeAllThreads
Event: 0.047 Executing VM operation: HandshakeAllThreads done
Event: 0.076 Executing VM operation: HandshakeAllThreads
Event: 0.076 Executing VM operation: HandshakeAllThreads done
Event: 0.185 Executing VM operation: ICBufferFull
Event: 0.185 Executing VM operation: ICBufferFull done
Event: 0.194 Executing VM operation: HandshakeAllThreads
Event: 0.194 Executing VM operation: HandshakeAllThreads done
Event: 0.198 Executing VM operation: HandshakeAllThreads
Event: 0.198 Executing VM operation: HandshakeAllThreads done
Event: 0.221 Executing VM operation: ICBufferFull
Event: 0.222 Executing VM operation: ICBufferFull done
Event: 0.254 Executing VM operation: HandshakeAllThreads
Event: 0.254 Executing VM operation: HandshakeAllThreads done
Event: 0.335 Executing VM operation: G1CollectForAllocation
Event: 0.337 Executing VM operation: G1CollectForAllocation done

Events (20 events):
Event: 0.264 loading class sun/security/provider/ByteArrayAccess done
Event: 0.268 Loaded shared library /Users/sraswan/.openjfx/cache/17/libprism_es2.dylib
Event: 0.318 loading class java/util/concurrent/locks/AbstractQueuedSynchronizer$ConditionNode
Event: 0.318 loading class java/util/concurrent/locks/AbstractQueuedSynchronizer$ConditionNode done
Event: 0.324 Loading shared library /Users/sraswan/.gradle/caches/modules-2/files-2.1/org.openjfx/javafx-graphics/17/b6326f61f7e0effbf733d62e83b8317eb8e768b4/libglass.dylib failed, dlopen(/Users/sraswan/.gradle/caches/modules-2/files-2.1/org.openjfx/javafx-graphics/17
Event: 0.333 Loaded shared library /Users/sraswan/.openjfx/cache/17/libglass.dylib
Event: 0.334 loading class java/util/concurrent/BlockingDeque
Event: 0.334 loading class java/util/concurrent/BlockingDeque done
Event: 0.334 loading class java/util/concurrent/LinkedBlockingDeque
Event: 0.334 loading class java/util/concurrent/LinkedBlockingDeque done
Event: 0.334 Thread 0x000000015b967600 Thread added: 0x000000015b967600
Event: 0.334 Protecting memory [0x00000001727c8000,0x00000001727d4000] with protection modes 0
Event: 0.335 Protecting memory [0x000000016f32c000,0x000000016f338000] with protection modes 0
Event: 0.335 Thread 0x000000015a108c00 Thread added: 0x000000015a108c00
Event: 0.363 Thread 0x000000015c888c00 Thread added: 0x000000015c888c00
Event: 0.363 Protecting memory [0x00000001738b4000,0x00000001738c0000] with protection modes 0
Event: 0.403 loading class java/util/concurrent/LinkedBlockingDeque$Node
Event: 0.403 loading class java/util/concurrent/LinkedBlockingDeque$Node done
Event: 0.403 Protecting memory [0x00000001738b4000,0x00000001738c0000] with protection modes 3
Event: 0.403 Thread 0x000000015c888c00 Thread exited: 0x000000015c888c00


Dynamic libraries:
0x00000001004c8000 	/Library/Java/JavaVirtualMachines/jdk-17.0.4.1.jdk/Contents/Home/lib/libjli.dylib
0x0000000194238000 	/usr/lib/libz.1.dylib
0x00000001942ef000 	/usr/lib/libSystem.B.dylib
0x00000001942e9000 	/usr/lib/system/libcache.dylib
0x00000001942a7000 	/usr/lib/system/libcommonCrypto.dylib
0x00000001942d0000 	/usr/lib/system/libcompiler_rt.dylib
0x00000001942c7000 	/usr/lib/system/libcopyfile.dylib
0x000000018952f000 	/usr/lib/system/libcorecrypto.dylib
0x00000001895e2000 	/usr/lib/system/libdispatch.dylib
0x00000001897b0000 	/usr/lib/system/libdyld.dylib
0x00000001942df000 	/usr/lib/system/libkeymgr.dylib
0x0000000194282000 	/usr/lib/system/libmacho.dylib
0x0000000193977000 	/usr/lib/system/libquarantine.dylib
0x00000001942dc000 	/usr/lib/system/libremovefile.dylib
0x000000018e918000 	/usr/lib/system/libsystem_asl.dylib
0x00000001894d1000 	/usr/lib/system/libsystem_blocks.dylib
0x000000018966a000 	/usr/lib/system/libsystem_c.dylib
0x00000001942d4000 	/usr/lib/system/libsystem_collections.dylib
0x0000000192e05000 	/usr/lib/system/libsystem_configuration.dylib
0x0000000192061000 	/usr/lib/system/libsystem_containermanager.dylib
0x0000000193fe4000 	/usr/lib/system/libsystem_coreservices.dylib
0x000000018bed8000 	/usr/lib/system/libsystem_darwin.dylib
0x00000001942e0000 	/usr/lib/system/libsystem_dnssd.dylib
0x0000000189667000 	/usr/lib/system/libsystem_featureflags.dylib
0x00000001897c5000 	/usr/lib/system/libsystem_info.dylib
0x000000019424a000 	/usr/lib/system/libsystem_m.dylib
0x00000001895b7000 	/usr/lib/system/libsystem_malloc.dylib
0x000000018e8a7000 	/usr/lib/system/libsystem_networkextension.dylib
0x000000018c331000 	/usr/lib/system/libsystem_notify.dylib
0x000000019a62d000 	/usr/lib/system/libsystem_product_info_filter.dylib
0x0000000192e0a000 	/usr/lib/system/libsystem_sandbox.dylib
0x00000001942d9000 	/usr/lib/system/libsystem_secinit.dylib
0x000000018976b000 	/usr/lib/system/libsystem_kernel.dylib
0x00000001897bd000 	/usr/lib/system/libsystem_platform.dylib
0x00000001897a3000 	/usr/lib/system/libsystem_pthread.dylib
0x0000000190070000 	/usr/lib/system/libsystem_symptoms.dylib
0x0000000189515000 	/usr/lib/system/libsystem_trace.dylib
0x00000001942b4000 	/usr/lib/system/libunwind.dylib
0x00000001894d3000 	/usr/lib/system/libxpc.dylib
0x0000000189753000 	/usr/lib/libc++abi.dylib
0x0000000189629000 	/usr/lib/libobjc.A.dylib
0x00000001942bf000 	/usr/lib/liboah.dylib
0x00000001896ec000 	/usr/lib/libc++.1.dylib
0x00000001a0146000 	/System/Library/Frameworks/Cocoa.framework/Versions/A/Cocoa
0x000000018c392000 	/System/Library/Frameworks/AppKit.framework/Versions/C/AppKit
0x000000018f898000 	/System/Library/Frameworks/CoreData.framework/Versions/A/CoreData
0x000000018a6ed000 	/System/Library/Frameworks/Foundation.framework/Versions/C/Foundation
0x000000018d24a000 	/System/Library/PrivateFrameworks/UIFoundation.framework/Versions/A/UIFoundation
0x000000019a327000 	/System/Library/PrivateFrameworks/RemoteViewServices.framework/Versions/A/RemoteViewServices
0x00000001927ad000 	/System/Library/PrivateFrameworks/XCTTargetBootstrap.framework/Versions/A/XCTTargetBootstrap
0x000000019602b000 	/System/Library/PrivateFrameworks/InternationalSupport.framework/Versions/A/InternationalSupport
0x00000001960b4000 	/System/Library/PrivateFrameworks/UserActivity.framework/Versions/A/UserActivity
0x0000000195526000 	/usr/lib/libspindump.dylib
0x000000018d4bb000 	/System/Library/Frameworks/UniformTypeIdentifiers.framework/Versions/A/UniformTypeIdentifiers
0x0000000190cf8000 	/usr/lib/libapp_launch_measurement.dylib
0x0000000190222000 	/System/Library/PrivateFrameworks/CoreAnalytics.framework/Versions/A/CoreAnalytics
0x0000000190cfb000 	/System/Library/PrivateFrameworks/CoreAutoLayout.framework/Versions/A/CoreAutoLayout
0x000000019209e000 	/System/Library/Frameworks/Metal.framework/Versions/A/Metal
0x0000000192e15000 	/usr/lib/liblangid.dylib
0x00000001927b2000 	/System/Library/PrivateFrameworks/CoreSVG.framework/Versions/A/CoreSVG
0x000000018e94c000 	/System/Library/PrivateFrameworks/SkyLight.framework/Versions/A/SkyLight
0x000000018ed21000 	/System/Library/Frameworks/CoreGraphics.framework/Versions/A/CoreGraphics
0x000000019a9f3000 	/System/Library/Frameworks/Accelerate.framework/Versions/A/Accelerate
0x0000000194f9d000 	/System/Library/PrivateFrameworks/IconServices.framework/Versions/A/IconServices
0x0000000192080000 	/System/Library/Frameworks/IOSurface.framework/Versions/A/IOSurface
0x0000000190253000 	/usr/lib/libDiagnosticMessagesClient.dylib
0x000000019def4000 	/System/Library/Frameworks/ApplicationServices.framework/Versions/A/ApplicationServices
0x0000000192795000 	/System/Library/PrivateFrameworks/DFRFoundation.framework/Versions/A/DFRFoundation
0x000000018bc22000 	/usr/lib/libicucore.A.dylib
0x0000000196ed7000 	/System/Library/Frameworks/AudioToolbox.framework/Versions/A/AudioToolbox
0x0000000196037000 	/System/Library/PrivateFrameworks/DataDetectorsCore.framework/Versions/A/DataDetectorsCore
0x00000001ac977000 	/System/Library/PrivateFrameworks/TextInput.framework/Versions/A/TextInput
0x000000018e8c1000 	/usr/lib/libMobileGestalt.dylib
0x0000000192461000 	/System/Library/Frameworks/Carbon.framework/Versions/A/Frameworks/HIToolbox.framework/Versions/A/HIToolbox
0x00000001906d4000 	/System/Library/Frameworks/QuartzCore.framework/Versions/A/QuartzCore
0x000000018b8a5000 	/System/Library/Frameworks/Security.framework/Versions/A/Security
0x000000019a367000 	/System/Library/Frameworks/Carbon.framework/Versions/A/Frameworks/SpeechRecognition.framework/Versions/A/SpeechRecognition
0x0000000190a4e000 	/System/Library/PrivateFrameworks/CoreUI.framework/Versions/A/CoreUI
0x000000018b182000 	/System/Library/Frameworks/CoreAudio.framework/Versions/A/CoreAudio
0x0000000190348000 	/System/Library/Frameworks/DiskArbitration.framework/Versions/A/DiskArbitration
0x0000000195930000 	/System/Library/PrivateFrameworks/MultitouchSupport.framework/Versions/A/MultitouchSupport
0x000000018e8bf000 	/usr/lib/libenergytrace.dylib
0x000000018c25a000 	/System/Library/Frameworks/IOKit.framework/Versions/A/IOKit
0x000000019a756000 	/System/Library/Frameworks/CoreServices.framework/Versions/A/CoreServices
0x0000000190c88000 	/System/Library/PrivateFrameworks/PerformanceAnalysis.framework/Versions/A/PerformanceAnalysis
0x00000001eac5f000 	/System/Library/Frameworks/OpenGL.framework/Versions/A/OpenGL
0x000000019388f000 	/System/Library/PrivateFrameworks/MobileKeyBag.framework/Versions/A/MobileKeyBag
0x000000018f32e000 	/System/Library/Frameworks/ColorSync.framework/Versions/A/ColorSync
0x00000001897f2000 	/System/Library/Frameworks/CoreFoundation.framework/Versions/A/CoreFoundation
0x0000000192a31000 	/System/Library/Frameworks/CoreImage.framework/Versions/A/CoreImage
0x000000018afa6000 	/System/Library/Frameworks/CoreText.framework/Versions/A/CoreText
0x00000001927e2000 	/System/Library/Frameworks/ImageIO.framework/Versions/A/ImageIO
0x00000001942f5000 	/System/Library/PrivateFrameworks/SoftLinking.framework/Versions/A/SoftLinking
0x0000000190d46000 	/usr/lib/libxml2.2.dylib
0x000000019458e000 	/usr/lib/libcompression.dylib
0x0000000195f87000 	/System/Library/PrivateFrameworks/TextureIO.framework/Versions/A/TextureIO
0x0000000194cb6000 	/usr/lib/libate.dylib
0x0000000194b7b000 	/usr/lib/liblzma.5.dylib
0x000000018a3e1000 	/System/Library/Frameworks/SystemConfiguration.framework/Versions/A/SystemConfiguration
0x00000001942f1000 	/usr/lib/libfakelink.dylib
0x000000018e3f3000 	/System/Library/Frameworks/CFNetwork.framework/Versions/A/CFNetwork
0x0000000194437000 	/usr/lib/libarchive.2.dylib
0x0000000192e11000 	/System/Library/PrivateFrameworks/AppleSystemInfo.framework/Versions/A/AppleSystemInfo
0x00000001939a2000 	/usr/lib/libbsm.0.dylib
0x000000018d964000 	/usr/lib/libnetwork.dylib
0x000000019428b000 	/usr/lib/system/libkxld.dylib
0x00000001935b5000 	/System/Library/PrivateFrameworks/IOMobileFramebuffer.framework/Versions/A/IOMobileFramebuffer
0x000000020858b000 	/usr/lib/libCoreEntitlements.dylib
0x0000000193fc6000 	/System/Library/PrivateFrameworks/AppleFSCompression.framework/Versions/A/AppleFSCompression
0x000000019398a000 	/usr/lib/libcoretls.dylib
0x0000000194b94000 	/usr/lib/libcoretls_cfhelpers.dylib
0x0000000194589000 	/usr/lib/libpam.2.dylib
0x000000018fc87000 	/usr/lib/libsqlite3.dylib
0x0000000194bfd000 	/usr/lib/libxar.1.dylib
0x0000000193fd7000 	/usr/lib/libbz2.1.0.dylib
0x00000001942f6000 	/usr/lib/libpcap.A.dylib
0x0000000190067000 	/usr/lib/libdns_services.dylib
0x000000019455c000 	/usr/lib/libapple_nghttp2.dylib
0x0000000194333000 	/usr/lib/libiconv.2.dylib
0x0000000194281000 	/usr/lib/libcharset.1.dylib
0x0000000190cc4000 	/System/Library/Frameworks/CoreServices.framework/Versions/A/Frameworks/FSEvents.framework/Versions/A/FSEvents
0x000000018bee3000 	/System/Library/Frameworks/CoreServices.framework/Versions/A/Frameworks/CarbonCore.framework/Versions/A/CarbonCore
0x00000001902a8000 	/System/Library/Frameworks/CoreServices.framework/Versions/A/Frameworks/Metadata.framework/Versions/A/Metadata
0x0000000193fea000 	/System/Library/Frameworks/CoreServices.framework/Versions/A/Frameworks/OSServices.framework/Versions/A/OSServices
0x00000001944bd000 	/System/Library/Frameworks/CoreServices.framework/Versions/A/Frameworks/SearchKit.framework/Versions/A/SearchKit
0x000000018fff6000 	/System/Library/Frameworks/CoreServices.framework/Versions/A/Frameworks/AE.framework/Versions/A/AE
0x0000000189d38000 	/System/Library/Frameworks/CoreServices.framework/Versions/A/Frameworks/LaunchServices.framework/Versions/A/LaunchServices
0x0000000194b24000 	/System/Library/Frameworks/CoreServices.framework/Versions/A/Frameworks/DictionaryServices.framework/Versions/A/DictionaryServices
0x0000000190cd1000 	/System/Library/Frameworks/CoreServices.framework/Versions/A/Frameworks/SharedFileList.framework/Versions/A/SharedFileList
0x000000019397a000 	/usr/lib/libCheckFix.dylib
0x000000018e930000 	/System/Library/PrivateFrameworks/TCC.framework/Versions/A/TCC
0x0000000192e17000 	/System/Library/PrivateFrameworks/CoreNLP.framework/Versions/A/CoreNLP
0x0000000190256000 	/System/Library/PrivateFrameworks/MetadataUtilities.framework/Versions/A/MetadataUtilities
0x000000018a49a000 	/usr/lib/libmecabra.dylib
0x00000001939b3000 	/usr/lib/libmecab.dylib
0x000000018a466000 	/usr/lib/libCRFSuite.dylib
0x0000000193a10000 	/usr/lib/libgermantok.dylib
0x0000000194535000 	/usr/lib/libThaiTokenizer.dylib
0x0000000190350000 	/System/Library/Frameworks/Accelerate.framework/Versions/A/Frameworks/vImage.framework/Versions/A/vImage
0x000000019a72d000 	/System/Library/Frameworks/Accelerate.framework/Versions/A/Frameworks/vecLib.framework/Versions/A/vecLib
0x0000000194c42000 	/System/Library/Frameworks/Accelerate.framework/Versions/A/Frameworks/vecLib.framework/Versions/A/libvMisc.dylib
0x00000001934bc000 	/System/Library/Frameworks/Accelerate.framework/Versions/A/Frameworks/vecLib.framework/Versions/A/libvDSP.dylib
0x000000018a0c1000 	/System/Library/Frameworks/Accelerate.framework/Versions/A/Frameworks/vecLib.framework/Versions/A/libBLAS.dylib
0x000000019465f000 	/System/Library/Frameworks/Accelerate.framework/Versions/A/Frameworks/vecLib.framework/Versions/A/libLAPACK.dylib
0x0000000193a13000 	/System/Library/Frameworks/Accelerate.framework/Versions/A/Frameworks/vecLib.framework/Versions/A/libLinearAlgebra.dylib
0x0000000194574000 	/System/Library/Frameworks/Accelerate.framework/Versions/A/Frameworks/vecLib.framework/Versions/A/libSparseBLAS.dylib
0x000000019465a000 	/System/Library/Frameworks/Accelerate.framework/Versions/A/Frameworks/vecLib.framework/Versions/A/libQuadrature.dylib
0x0000000192f10000 	/System/Library/Frameworks/Accelerate.framework/Versions/A/Frameworks/vecLib.framework/Versions/A/libBNNS.dylib
0x000000018a37f000 	/System/Library/Frameworks/Accelerate.framework/Versions/A/Frameworks/vecLib.framework/Versions/A/libSparse.dylib
0x0000000192f08000 	/System/Library/PrivateFrameworks/LinguisticData.framework/Versions/A/LinguisticData
0x000000018a337000 	/System/Library/PrivateFrameworks/Lexicon.framework/Versions/A/Lexicon
0x0000000194c3a000 	/usr/lib/libChineseTokenizer.dylib
0x000000018aade000 	/System/Library/PrivateFrameworks/LanguageModeling.framework/Versions/A/LanguageModeling
0x0000000194537000 	/System/Library/PrivateFrameworks/AppleSauce.framework/Versions/A/AppleSauce
0x00000001935a2000 	/System/Library/PrivateFrameworks/CoreEmoji.framework/Versions/A/CoreEmoji
0x0000000194425000 	/usr/lib/libcmph.dylib
0x0000000190ca4000 	/System/Library/Frameworks/OpenDirectory.framework/Versions/A/Frameworks/CFOpenDirectory.framework/Versions/A/CFOpenDirectory
0x0000000190c94000 	/System/Library/Frameworks/OpenDirectory.framework/Versions/A/OpenDirectory
0x0000000194b96000 	/System/Library/PrivateFrameworks/APFS.framework/Versions/A/APFS
0x00000001938ca000 	/System/Library/Frameworks/SecurityFoundation.framework/Versions/A/SecurityFoundation
0x0000000194c0c000 	/usr/lib/libutil.dylib
0x000000018c21c000 	/System/Library/PrivateFrameworks/CoreServicesStore.framework/Versions/A/CoreServicesStore
0x0000000194c10000 	/usr/lib/libxslt.1.dylib
0x000000019395e000 	/System/Library/PrivateFrameworks/BackgroundTaskManagement.framework/Versions/A/BackgroundTaskManagement
0x0000000195ea8000 	/System/Library/Frameworks/ImageIO.framework/Versions/A/Resources/libRadiance.dylib
0x0000000195eb1000 	/System/Library/Frameworks/ImageIO.framework/Versions/A/Resources/libJPEG.dylib
0x0000000195e04000 	/System/Library/Frameworks/ImageIO.framework/Versions/A/Resources/libPng.dylib
0x0000000195e26000 	/System/Library/Frameworks/ImageIO.framework/Versions/A/Resources/libTIFF.dylib
0x0000000195f0c000 	/System/Library/Frameworks/ImageIO.framework/Versions/A/Resources/libGIF.dylib
0x0000000195840000 	/System/Library/Frameworks/ImageIO.framework/Versions/A/Resources/libJP2.dylib
0x0000000194f62000 	/usr/lib/libexpat.1.dylib
0x00000001957fb000 	/System/Library/PrivateFrameworks/AppleJPEG.framework/Versions/A/AppleJPEG
0x000000019231d000 	/System/Library/PrivateFrameworks/FontServices.framework/libFontParser.dylib
0x000000018ff9b000 	/System/Library/PrivateFrameworks/RunningBoardServices.framework/Versions/A/RunningBoardServices
0x00000001a0819000 	/System/Library/PrivateFrameworks/IOSurfaceAccelerator.framework/Versions/A/IOSurfaceAccelerator
0x000000019592c000 	/System/Library/PrivateFrameworks/WatchdogClient.framework/Versions/A/WatchdogClient
0x000000018abe2000 	/System/Library/Frameworks/CoreDisplay.framework/Versions/A/CoreDisplay
0x0000000192207000 	/System/Library/Frameworks/CoreMedia.framework/Versions/A/CoreMedia
0x0000000192094000 	/System/Library/PrivateFrameworks/IOAccelerator.framework/Versions/A/IOAccelerator
0x0000000190e34000 	/System/Library/Frameworks/CoreVideo.framework/Versions/A/CoreVideo
0x0000000194587000 	/System/Library/Frameworks/MetalPerformanceShaders.framework/Versions/A/MetalPerformanceShaders
0x000000019596b000 	/System/Library/Frameworks/VideoToolbox.framework/Versions/A/VideoToolbox
0x000000018fedf000 	/System/Library/PrivateFrameworks/BaseBoard.framework/Versions/A/BaseBoard
0x000000018fc6d000 	/System/Library/PrivateFrameworks/ProtocolBuffer.framework/Versions/A/ProtocolBuffer
0x0000000195ea3000 	/System/Library/PrivateFrameworks/GPUWrangler.framework/Versions/A/GPUWrangler
0x0000000195e83000 	/System/Library/PrivateFrameworks/IOPresentment.framework/Versions/A/IOPresentment
0x0000000195eab000 	/System/Library/PrivateFrameworks/DSExternalDisplay.framework/Versions/A/DSExternalDisplay
0x00000001eac52000 	/System/Library/Frameworks/OpenGL.framework/Versions/A/Libraries/libCoreFSCache.dylib
0x00000001f5111000 	/System/Library/PrivateFrameworks/GPUCompiler.framework/Versions/31001/Libraries/libGPUCompilerUtils.dylib
0x0000000195f11000 	/System/Library/PrivateFrameworks/CMCaptureCore.framework/Versions/A/CMCaptureCore
0x0000000195513000 	/System/Library/PrivateFrameworks/AppServerSupport.framework/Versions/A/AppServerSupport
0x0000000197794000 	/System/Library/PrivateFrameworks/perfdata.framework/Versions/A/perfdata
0x000000018ad02000 	/System/Library/PrivateFrameworks/AudioToolboxCore.framework/Versions/A/AudioToolboxCore
0x00000001921e0000 	/System/Library/PrivateFrameworks/caulk.framework/Versions/A/caulk
0x0000000197089000 	/usr/lib/libAudioStatistics.dylib
0x00000001a8fde000 	/System/Library/PrivateFrameworks/SystemPolicy.framework/Versions/A/SystemPolicy
0x00000001972f5000 	/usr/lib/libSMC.dylib
0x00000001a0028000 	/System/Library/Frameworks/CoreMIDI.framework/Versions/A/CoreMIDI
0x0000000195dd2000 	/usr/lib/libAudioToolboxUtility.dylib
0x00000001a50ab000 	/System/Library/PrivateFrameworks/OSAServicesClient.framework/Versions/A/OSAServicesClient
0x00000001977a1000 	/usr/lib/libperfcheck.dylib
0x00000001a9af6000 	/usr/lib/libmis.dylib
0x00000001eacb4000 	/System/Library/Frameworks/OpenGL.framework/Versions/A/Libraries/libGLU.dylib
0x00000001eac73000 	/System/Library/Frameworks/OpenGL.framework/Versions/A/Libraries/libGFXShared.dylib
0x00000001eae60000 	/System/Library/Frameworks/OpenGL.framework/Versions/A/Libraries/libGL.dylib
0x00000001eac7c000 	/System/Library/Frameworks/OpenGL.framework/Versions/A/Libraries/libGLImage.dylib
0x00000001eac70000 	/System/Library/Frameworks/OpenGL.framework/Versions/A/Libraries/libCVMSPluginSupport.dylib
0x00000001eac59000 	/System/Library/Frameworks/OpenGL.framework/Versions/A/Libraries/libCoreVMClient.dylib
0x0000000192d91000 	/System/Library/Frameworks/MetalPerformanceShaders.framework/Versions/A/Frameworks/MPSCore.framework/Versions/A/MPSCore
0x0000000193f39000 	/System/Library/Frameworks/MetalPerformanceShaders.framework/Versions/A/Frameworks/MPSImage.framework/Versions/A/MPSImage
0x0000000193a28000 	/System/Library/Frameworks/MetalPerformanceShaders.framework/Versions/A/Frameworks/MPSNeuralNetwork.framework/Versions/A/MPSNeuralNetwork
0x0000000193e61000 	/System/Library/Frameworks/MetalPerformanceShaders.framework/Versions/A/Frameworks/MPSMatrix.framework/Versions/A/MPSMatrix
0x0000000193c3a000 	/System/Library/Frameworks/MetalPerformanceShaders.framework/Versions/A/Frameworks/MPSRayIntersector.framework/Versions/A/MPSRayIntersector
0x0000000193e92000 	/System/Library/Frameworks/MetalPerformanceShaders.framework/Versions/A/Frameworks/MPSNDArray.framework/Versions/A/MPSNDArray
0x00000001ecdcb000 	/System/Library/Frameworks/MetalPerformanceShaders.framework/Versions/A/Frameworks/MPSFunctions.framework/Versions/A/MPSFunctions
0x0000000189f98000 	/System/Library/PrivateFrameworks/MetalTools.framework/Versions/A/MetalTools
0x0000000192e0f000 	/System/Library/PrivateFrameworks/AggregateDictionary.framework/Versions/A/AggregateDictionary
0x0000000194d47000 	/usr/lib/libIOReport.dylib
0x000000019f046000 	/System/Library/PrivateFrameworks/ASEProcessing.framework/Versions/A/ASEProcessing
0x00000001950bc000 	/System/Library/PrivateFrameworks/FaceCore.framework/Versions/A/FaceCore
0x00000001950ae000 	/System/Library/PrivateFrameworks/GraphVisualizer.framework/Versions/A/GraphVisualizer
0x00000001f5028000 	/System/Library/PrivateFrameworks/FontServices.framework/Versions/A/FontServices
0x00000001954cf000 	/System/Library/PrivateFrameworks/OTSVG.framework/Versions/A/OTSVG
0x00000001909fe000 	/System/Library/Frameworks/ApplicationServices.framework/Versions/A/Frameworks/ATS.framework/Versions/A/Resources/libFontRegistry.dylib
0x000000019551c000 	/System/Library/PrivateFrameworks/FontServices.framework/libhvf.dylib
0x00000001f5029000 	/System/Library/PrivateFrameworks/FontServices.framework/libXTFontStaticRegistryData.dylib
0x00000001eb001000 	/System/Library/Frameworks/OpenCL.framework/Versions/A/OpenCL
0x0000000194f16000 	/System/Library/PrivateFrameworks/AppleVA.framework/Versions/A/AppleVA
0x00000001970b1000 	/System/Library/Frameworks/ApplicationServices.framework/Versions/A/Frameworks/ATS.framework/Versions/A/ATS
0x000000018f42b000 	/System/Library/Frameworks/ApplicationServices.framework/Versions/A/Frameworks/HIServices.framework/Versions/A/HIServices
0x0000000195f1b000 	/System/Library/Frameworks/ApplicationServices.framework/Versions/A/Frameworks/PrintCore.framework/Versions/A/PrintCore
0x0000000197448000 	/System/Library/Frameworks/ApplicationServices.framework/Versions/A/Frameworks/QD.framework/Versions/A/QD
0x0000000197440000 	/System/Library/Frameworks/ApplicationServices.framework/Versions/A/Frameworks/ColorSyncLegacy.framework/Versions/A/ColorSyncLegacy
0x000000019709d000 	/System/Library/Frameworks/ApplicationServices.framework/Versions/A/Frameworks/SpeechSynthesis.framework/Versions/A/SpeechSynthesis
0x0000000195edc000 	/System/Library/Frameworks/ApplicationServices.framework/Versions/A/Frameworks/ATSUI.framework/Versions/A/ATSUI
0x00000001973d5000 	/usr/lib/libcups.2.dylib
0x00000001977af000 	/System/Library/Frameworks/Kerberos.framework/Versions/A/Kerberos
0x00000001977c0000 	/System/Library/Frameworks/GSS.framework/Versions/A/GSS
0x0000000197121000 	/usr/lib/libresolv.9.dylib
0x000000019552b000 	/System/Library/PrivateFrameworks/Heimdal.framework/Versions/A/Heimdal
0x000000019e27b000 	/System/Library/Frameworks/Kerberos.framework/Versions/A/Libraries/libHeimdalProxy.dylib
0x0000000190079000 	/System/Library/Frameworks/Network.framework/Versions/A/Network
0x0000000194f7d000 	/usr/lib/libheimdal-asn1.dylib
0x0000000197810000 	/System/Library/PrivateFrameworks/CommonAuth.framework/Versions/A/CommonAuth
0x0000000197017000 	/System/Library/PrivateFrameworks/AudioSession.framework/Versions/A/AudioSession
0x000000019500f000 	/System/Library/PrivateFrameworks/MediaExperience.framework/Versions/A/MediaExperience
0x0000000196e9d000 	/System/Library/PrivateFrameworks/AudioSession.framework/libSessionUtility.dylib
0x0000000197454000 	/System/Library/PrivateFrameworks/AudioResourceArbitration.framework/Versions/A/AudioResourceArbitration
0x000000019b60a000 	/System/Library/PrivateFrameworks/PowerLog.framework/Versions/A/PowerLog
0x0000000194f87000 	/System/Library/PrivateFrameworks/IconFoundation.framework/Versions/A/IconFoundation
0x000000019a353000 	/System/Library/PrivateFrameworks/SpeechRecognitionCore.framework/Versions/A/SpeechRecognitionCore
0x00000001056f8000 	/Library/Java/JavaVirtualMachines/jdk-17.0.4.1.jdk/Contents/Home/lib/server/libjvm.dylib
0x000000010051c000 	/Library/Java/JavaVirtualMachines/jdk-17.0.4.1.jdk/Contents/Home/lib/libjimage.dylib
0x00000001005a4000 	/Library/Java/JavaVirtualMachines/jdk-17.0.4.1.jdk/Contents/Home/lib/libjava.dylib
0x00000001007d0000 	/Library/Java/JavaVirtualMachines/jdk-17.0.4.1.jdk/Contents/Home/lib/libnio.dylib
0x000000010508c000 	/Library/Java/JavaVirtualMachines/jdk-17.0.4.1.jdk/Contents/Home/lib/libnet.dylib
0x00000001007b0000 	/Library/Java/JavaVirtualMachines/jdk-17.0.4.1.jdk/Contents/Home/lib/libzip.dylib
0x0000000105068000 	/Library/Java/JavaVirtualMachines/jdk-17.0.4.1.jdk/Contents/Home/lib/libextnet.dylib
0x00000001050b0000 	/Users/sraswan/.openjfx/cache/17/libprism_es2.dylib
0x000000018c1df000 	/System/Library/PrivateFrameworks/CoreServicesInternal.framework/Versions/A/CoreServicesInternal
0x00000001eae6a000 	/System/Library/Frameworks/OpenGL.framework/Versions/A/Resources/GLEngine.bundle/GLEngine
0x00000001eacf2000 	/System/Library/Frameworks/OpenGL.framework/Versions/A/Libraries/libGLProgrammability.dylib
0x0000000105290000 	/System/Library/Extensions/AppleMetalOpenGLRenderer.bundle/Contents/MacOS/AppleMetalOpenGLRenderer
0x00000001eafd9000 	/System/Library/Frameworks/OpenGL.framework/Versions/A/Resources/GLRendererFloat.bundle/GLRendererFloat
0x00000001cff50000 	/System/Library/Extensions/AGXMetalG13X.bundle/Contents/MacOS/AGXMetalG13X
0x00000001a9b12000 	/System/Library/PrivateFrameworks/GPURawCounter.framework/Versions/A/GPURawCounter
0x00000001a421c000 	/System/Library/PrivateFrameworks/IOGPU.framework/Versions/A/IOGPU
0x0000000105534000 	/Users/sraswan/.openjfx/cache/17/libglass.dylib
0x000000019b862000 	/System/Library/Frameworks/FileProvider.framework/Versions/A/FileProvider
0x000000018fe47000 	/System/Library/Frameworks/Accounts.framework/Versions/A/Accounts
0x000000019b9e6000 	/System/Library/PrivateFrameworks/GenerationalStorage.framework/Versions/A/GenerationalStorage
0x000000019c5a9000 	/System/Library/PrivateFrameworks/CoreSymbolication.framework/Versions/A/CoreSymbolication
0x000000019b5fe000 	/System/Library/PrivateFrameworks/SymptomDiagnosticReporter.framework/Versions/A/SymptomDiagnosticReporter
0x000000018d4cf000 	/System/Library/PrivateFrameworks/DesktopServicesPriv.framework/Versions/A/DesktopServicesPriv
0x000000018c341000 	/usr/lib/libsandbox.1.dylib
0x0000000190ec2000 	/System/Library/PrivateFrameworks/UserManagement.framework/Versions/A/UserManagement
0x000000019c566000 	/System/Library/PrivateFrameworks/DebugSymbols.framework/Versions/A/DebugSymbols
0x0000000197433000 	/System/Library/PrivateFrameworks/NetAuth.framework/Versions/A/NetAuth
0x0000000198351000 	/System/Library/PrivateFrameworks/Sharing.framework/Versions/A/Sharing
0x0000000190e92000 	/System/Library/PrivateFrameworks/login.framework/Versions/A/Frameworks/loginsupport.framework/Versions/A/loginsupport
0x000000019d79b000 	/System/Library/PrivateFrameworks/Apple80211.framework/Versions/A/Apple80211
0x000000019401d000 	/System/Library/PrivateFrameworks/AuthKit.framework/Versions/A/AuthKit
0x000000019369e000 	/System/Library/PrivateFrameworks/CoreUtils.framework/Versions/A/CoreUtils
0x00000001935c1000 	/System/Library/Frameworks/CoreWLAN.framework/Versions/A/CoreWLAN
0x00000001984c1000 	/System/Library/Frameworks/IOBluetooth.framework/Versions/A/IOBluetooth
0x000000019d7fb000 	/System/Library/PrivateFrameworks/CoreWiFi.framework/Versions/A/CoreWiFi
0x000000019c146000 	/System/Library/PrivateFrameworks/FrontBoardServices.framework/Versions/A/FrontBoardServices
0x000000019c1de000 	/System/Library/PrivateFrameworks/BoardServices.framework/Versions/A/BoardServices
0x00000001938b8000 	/System/Library/PrivateFrameworks/AssertionServices.framework/Versions/A/AssertionServices
0x000000019d978000 	/System/Library/PrivateFrameworks/BackBoardServices.framework/Versions/A/BackBoardServices
0x00000001978a7000 	/System/Library/PrivateFrameworks/CorePhoneNumbers.framework/Versions/A/CorePhoneNumbers
0x000000019b72e000 	/System/Library/PrivateFrameworks/DiskManagement.framework/Versions/A/DiskManagement
0x000000019b631000 	/System/Library/PrivateFrameworks/AppleIDAuthSupport.framework/Versions/A/AppleIDAuthSupport
0x00000001ef5f2000 	/System/Library/PrivateFrameworks/AAAFoundation.framework/Versions/A/AAAFoundation
0x0000000197886000 	/System/Library/PrivateFrameworks/KeychainCircle.framework/Versions/A/KeychainCircle
0x000000019b6fa000 	/System/Library/PrivateFrameworks/MediaKit.framework/Versions/A/MediaKit
0x000000019b63e000 	/System/Library/Frameworks/DiscRecording.framework/Versions/A/DiscRecording
0x0000000194e92000 	/usr/lib/libCoreStorage.dylib
0x000000019dc75000 	/usr/lib/libcsfde.dylib
0x0000000198596000 	/System/Library/PrivateFrameworks/ProtectedCloudStorage.framework/Versions/A/ProtectedCloudStorage
0x000000019dc6d000 	/System/Library/PrivateFrameworks/EFILogin.framework/Versions/A/EFILogin
0x000000019ba0d000 	/System/Library/PrivateFrameworks/OctagonTrust.framework/Versions/A/OctagonTrust
0x00000001f41c3000 	/System/Library/PrivateFrameworks/CoreUtilsExtras.framework/Versions/A/CoreUtilsExtras
0x000000019b563000 	/System/Library/Frameworks/CoreBluetooth.framework/Versions/A/CoreBluetooth
0x000000019e300000 	/System/Library/Frameworks/AudioUnit.framework/Versions/A/AudioUnit
0x0000000194e8a000 	/usr/lib/libMatch.1.dylib
0x00000001adfbe000 	/System/Library/Frameworks/Accelerate.framework/Versions/A/Frameworks/vImage.framework/Versions/A/Libraries/libCGInterfaces.dylib
0x0000000127fd4000 	/usr/lib/libobjc-trampolines.dylib
0x0000000208709000 	/usr/lib/libRosetta.dylib
0x0000000190b8c000 	/System/Library/PrivateFrameworks/ViewBridge.framework/Versions/A/ViewBridge


VM Arguments:
jvm_args: -ea -XX:+ShowCodeDetailsInExceptionMessages -Dfile.encoding=UTF-8 
java_command: org.eclipse.jdt.internal.junit.runner.RemoteTestRunner -version 3 -port 61189 -testLoaderClass org.eclipse.jdt.internal.junit5.runner.JUnit5TestLoader -loaderpluginname org.eclipse.jdt.junit5.runtime -testNameFile /var/folders/1m/tdk2ds5571l4_8krg7f3c7x00000gn/T/testNames2923532681475481962.txt
java_class_path (initial): /Users/sraswan/Documents/Workspace/cse-110-project-team-15/bin/main:/Users/sraswan/Documents/Workspace/cse-110-project-team-15/bin/test:/cse-110-project-team-15/bin/default:/Users/sraswan/.gradle/caches/modules-2/files-2.1/org.json/json/20171018/36ced462c97f0845b4a7b266a25cebe95d18baa3/json-20171018.jar:/Users/sraswan/.gradle/caches/modules-2/files-2.1/org.openjfx/javafx-fxml/17/9ba33b0d9c19e9dcfd76fe7d95748a933e09b3b/javafx-fxml-17-mac-aarch64.jar:/Users/sraswan/.gradle/caches/modules-2/files-2.1/org.openjfx/javafx-controls/17/2254b351c1e6ce2ac9adcd3480fed883cebbb08b/javafx-controls-17-mac-aarch64.jar:/Users/sraswan/.gradle/caches/modules-2/files-2.1/org.openjfx/javafx-graphics/17/b6326f61f7e0effbf733d62e83b8317eb8e768b4/javafx-graphics-17-mac-aarch64.jar:/Users/sraswan/.gradle/caches/modules-2/files-2.1/org.openjfx/javafx-base/17/d77b645fa3e1a6270783178541944e4b4a457cd2/javafx-base-17-mac-aarch64.jar:/Users/sraswan/.gradle/caches/modules-2/files-2.1/org.junit.platform/junit-platform-commons/1.8.1/1e362cbe6d0f225b066757865e233972557484/junit-platform-commons-1.8.1.jar:/Users/sraswan/.gradle/caches/modules-2/files-2.1/org.junit.jupiter/junit-jupiter-api/5.8.1/6538b88eb8bf8811bc7b6efb5246f835c15e0bfe/junit-jupiter-api-5.8.1.jar:/Users/sraswan/.gradle/caches/modules-2/files-2.1/org.opentest4j/opentest4j/1.2.0/28c11eb91f9b6d8e200631d46e20a7f407f2a046/opentest4j-1.2.0.jar:/Users/sraswan/.gradle/caches/modules-2/files-2.1/org.apiguardian/apiguardian-api/1.1.2/a231e0d844d2721b0fa1b238006d15c6ded6842a/apiguardian-api-1.1.2.jar:/Users/sraswan/.gradle/caches/modules-2/files-2.1/org.junit.platform/junit-platform-engine/1.8.1/e6c63bf990dc88a6527b4ed617b23e47048f07e0/junit-platform-engine-1.8.1.jar:/Users/sraswan/.gradle/caches/modules-2/files-2.1/org.junit.jupiter/junit-jupiter-engine/5.8.1/21b86e08aae2720bbf017703669948be96d1388c/junit-jupiter-engine-5.8.1.jar:/Users/sraswan/Library/Application Support/Code/User/globalStorage/redhat.java/1.24.0/co
Launcher Type: SUN_STANDARD

[Global flags]
     intx CICompilerCount                          = 4                                         {product} {ergonomic}
     uint ConcGCThreads                            = 2                                         {product} {ergonomic}
     uint G1ConcRefinementThreads                  = 8                                         {product} {ergonomic}
   size_t G1HeapRegionSize                         = 2097152                                   {product} {ergonomic}
    uintx GCDrainStackTargetSize                   = 64                                        {product} {ergonomic}
   size_t InitialHeapSize                          = 268435456                                 {product} {ergonomic}
   size_t MarkStackSize                            = 4194304                                   {product} {ergonomic}
   size_t MaxHeapSize                              = 4294967296                                {product} {ergonomic}
   size_t MaxNewSize                               = 2575302656                                {product} {ergonomic}
   size_t MinHeapDeltaBytes                        = 2097152                                   {product} {ergonomic}
   size_t MinHeapSize                              = 8388608                                   {product} {ergonomic}
    uintx NonNMethodCodeHeapSize                   = 5839564                                {pd product} {ergonomic}
    uintx NonProfiledCodeHeapSize                  = 122909338                              {pd product} {ergonomic}
    uintx ProfiledCodeHeapSize                     = 122909338                              {pd product} {ergonomic}
    uintx ReservedCodeCacheSize                    = 251658240                              {pd product} {ergonomic}
     bool SegmentedCodeCache                       = true                                      {product} {ergonomic}
     bool ShowCodeDetailsInExceptionMessages       = true                                   {manageable} {command line}
   size_t SoftMaxHeapSize                          = 4294967296                             {manageable} {ergonomic}
     bool UseCompressedClassPointers               = true                           {product lp64_product} {ergonomic}
     bool UseCompressedOops                        = true                           {product lp64_product} {ergonomic}
     bool UseG1GC                                  = true                                      {product} {ergonomic}
     bool UseNUMA                                  = false                                     {product} {ergonomic}
     bool UseNUMAInterleaving                      = false                                     {product} {ergonomic}

Logging:
Log output configuration:
 #0: stdout all=warning uptime,level,tags
 #1: stderr all=off uptime,level,tags

Environment Variables:
PATH=/usr/local/bin:/usr/bin:/bin:/usr/sbin:/sbin
SHELL=/bin/zsh

Signal Handlers:
   SIGSEGV: _ZL13crash_handleriP9__siginfoPv in libjvm.dylib, mask=11100110000111110111111111111111, flags=SA_RESTART|SA_SIGINFO
    SIGBUS: _ZL13crash_handleriP9__siginfoPv in libjvm.dylib, mask=11100110000111110111111111111111, flags=SA_RESTART|SA_SIGINFO
    SIGFPE: _ZL13crash_handleriP9__siginfoPv in libjvm.dylib, mask=11100110000111110111111111111111, flags=SA_RESTART|SA_SIGINFO
   SIGPIPE: _ZL17javaSignalHandleriP9__siginfoPv in libjvm.dylib, mask=11100110000111110111111111111111, flags=SA_RESTART|SA_SIGINFO
   SIGXFSZ: _ZL17javaSignalHandleriP9__siginfoPv in libjvm.dylib, mask=11100110000111110111111111111111, flags=SA_RESTART|SA_SIGINFO
    SIGILL: _ZL13crash_handleriP9__siginfoPv in libjvm.dylib, mask=11100110000111110111111111111111, flags=SA_RESTART|SA_SIGINFO
   SIGUSR2: _ZL10SR_handleriP9__siginfoP17__darwin_ucontext in libjvm.dylib, mask=00100000000000000000000000000000, flags=SA_RESTART|SA_SIGINFO
    SIGHUP: _ZL11UserHandleriPvS_ in libjvm.dylib, mask=11100110000111110111111111111111, flags=SA_RESTART|SA_SIGINFO
    SIGINT: _ZL11UserHandleriPvS_ in libjvm.dylib, mask=11100110000111110111111111111111, flags=SA_RESTART|SA_SIGINFO
   SIGTERM: _ZL11UserHandleriPvS_ in libjvm.dylib, mask=11100110000111110111111111111111, flags=SA_RESTART|SA_SIGINFO
   SIGQUIT: _ZL11UserHandleriPvS_ in libjvm.dylib, mask=11100110000111110111111111111111, flags=SA_RESTART|SA_SIGINFO
   SIGTRAP: _ZL13crash_handleriP9__siginfoPv in libjvm.dylib, mask=11100110000111110111111111111111, flags=SA_RESTART|SA_SIGINFO


---------------  S Y S T E M  ---------------

OS:
uname: Darwin 21.4.0 Darwin Kernel Version 21.4.0: Mon Feb 21 20:35:58 PST 2022; root:xnu-8020.101.4~2/RELEASE_ARM64_T6000 arm64
OS uptime: 1 days 10:04 hours
rlimit (soft/hard): STACK 8176k/65520k , CORE 0k/infinity , NPROC 2666/4000 , NOFILE 10240/infinity , AS infinity/infinity , CPU infinity/infinity , DATA infinity/infinity , FSIZE infinity/infinity , MEMLOCK infinity/infinity , RSS infinity/infinity
load average: 2.96 2.68 2.44

CPU: total 8 (initial active 8) 0x61:0x0:0x1b588bb3:0, fp, simd, crc, lse

Memory: 16k page, physical 16777216k(209184k free), swap 1048576k(1016064k free)

vm_info: Java HotSpot(TM) 64-Bit Server VM (17.0.4.1+1-LTS-2) for bsd-aarch64 JRE (17.0.4.1+1-LTS-2), built on Aug 16 2022 17:31:30 by "mach5one" with clang Apple LLVM 12.0.0 (clang-1200.0.32.29)

END.
